2018-12-29 15:56:19,776 [19] ERROR Shitou.Framework.Demo.Service.SystemService [(null)] - BaseService.Insert->{"ID":"20181229155619529860","GoodsName":"测试商品","GoodsTypeID":"20181226165750447340","OriginalPrice":100.0,"PresentPrice":80.0,"CouponPrice":20.0,"SummaryText":"777777","Description":null,"Password":"￥fhfh878kjhfdf￥","ImageUrl":"/upload/Goods/ae3b4cf2-ab0c-4814-82be-b78a4eb982c3.jpg","PlatformType":0,"IsDelete":false,"CreateBy":"20180615174009124552","CreateTime":"2018-12-29T15:56:19.5306464+08:00"}
MySql.Data.MySqlClient.MySqlException (0x80004005): Unknown column 'OriginalPrice' in 'field list'
   at Shitou.Framework.ORM.AdoTemplate.Insert[T](T t) in E:\test-demo\Shitou.Framework4Core\src\Shitou.Framework.ORM\AdoTemplate.cs:line 133
   at Shitou.Framework.Demo.Service.BaseService.Insert[T](T t) in E:\test-demo\Shitou.Framework4Core\samples\Shitou.Framework.Demo.Service\BaseService.cs:line 37
2018-12-29 15:59:06,652 [19] ERROR Shitou.Framework.Demo.Service.SystemService [(null)] - BaseService.Insert->{"ID":"20181229155820379295","GoodsName":"测试商品","GoodsTypeID":"20181226165750447340","OriginalPrice":100.0,"PresentPrice":80.0,"CouponPrice":20.0,"SummaryText":"777777","Description":null,"Password":"￥fhfh878kjhfdf￥","ImageUrl":"/upload/Goods/ae3b4cf2-ab0c-4814-82be-b78a4eb982c3.jpg","PlatformType":0,"IsDelete":false,"CreateBy":"20180615174009124552","CreateTime":"2018-12-29T15:58:22.0236379+08:00"}
MySql.Data.MySqlClient.MySqlException (0x80004005): Unknown column 'OriginalPrice' in 'field list'
   at Shitou.Framework.ORM.AdoTemplate.Insert[T](T t) in E:\test-demo\Shitou.Framework4Core\src\Shitou.Framework.ORM\AdoTemplate.cs:line 133
   at Shitou.Framework.Demo.Service.BaseService.Insert[T](T t) in E:\test-demo\Shitou.Framework4Core\samples\Shitou.Framework.Demo.Service\BaseService.cs:line 37
2018-12-29 15:59:48,947 [19] ERROR Shitou.Framework.Demo.Service.SystemService [(null)] - BaseService.Insert->{"ID":"20181229155948859465","GoodsName":"测试商品","GoodsTypeID":"20181226165750447340","OriginalPrice":100.0,"PresentPrice":80.0,"CouponPrice":20.0,"SummaryText":"777777","Description":null,"Password":"￥fhfh878kjhfdf￥","ImageUrl":"/upload/Goods/ae3b4cf2-ab0c-4814-82be-b78a4eb982c3.jpg","PlatformType":0,"IsDelete":false,"CreateBy":"20180615174009124552","CreateTime":"2018-12-29T15:59:48.8594875+08:00"}
MySql.Data.MySqlClient.MySqlException (0x80004005): Unknown column 'OriginalPrice' in 'field list'
   at Shitou.Framework.ORM.AdoTemplate.Insert[T](T t) in E:\test-demo\Shitou.Framework4Core\src\Shitou.Framework.ORM\AdoTemplate.cs:line 133
   at Shitou.Framework.Demo.Service.BaseService.Insert[T](T t) in E:\test-demo\Shitou.Framework4Core\samples\Shitou.Framework.Demo.Service\BaseService.cs:line 37
2018-12-29 16:00:11,681 [19] ERROR Shitou.Framework.Demo.Service.SystemService [(null)] - BaseService.Insert->{"ID":"20181229160011600990","GoodsName":"测试商品","GoodsTypeID":"20181226165750447340","OriginalPrice":100.0,"PresentPrice":80.0,"CouponPrice":20.0,"SummaryText":"777777","Description":null,"Password":"￥fhfh878kjhfdf￥","ImageUrl":"/upload/Goods/ae3b4cf2-ab0c-4814-82be-b78a4eb982c3.jpg","PlatformType":0,"IsDelete":false,"CreateBy":"20180615174009124552","CreateTime":"2018-12-29T16:00:11.6011704+08:00"}
MySql.Data.MySqlClient.MySqlException (0x80004005): Unknown column 'PresentPrice' in 'field list'
   at Shitou.Framework.ORM.AdoTemplate.Insert[T](T t) in E:\test-demo\Shitou.Framework4Core\src\Shitou.Framework.ORM\AdoTemplate.cs:line 133
   at Shitou.Framework.Demo.Service.BaseService.Insert[T](T t) in E:\test-demo\Shitou.Framework4Core\samples\Shitou.Framework.Demo.Service\BaseService.cs:line 37
2018-12-29 16:01:06,631 [19] ERROR Shitou.Framework.Demo.Service.SystemService [(null)] - BaseService.Insert->{"ID":"20181229160106531805","GoodsName":"测试商品","GoodsTypeID":"20181226165750447340","OriginalPrice":100.0,"PresentPrice":80.0,"CouponPrice":20.0,"SummaryText":"777777","Description":null,"Password":"￥fhfh878kjhfdf￥","ImageUrl":"/upload/Goods/ae3b4cf2-ab0c-4814-82be-b78a4eb982c3.jpg","PlatformType":0,"IsDelete":false,"CreateBy":"20180615174009124552","CreateTime":"2018-12-29T16:01:06.5319091+08:00"}
MySql.Data.MySqlClient.MySqlException (0x80004005): Unknown column 'PresentPrice' in 'field list'
   at Shitou.Framework.ORM.AdoTemplate.Insert[T](T t) in E:\test-demo\Shitou.Framework4Core\src\Shitou.Framework.ORM\AdoTemplate.cs:line 133
   at Shitou.Framework.Demo.Service.BaseService.Insert[T](T t) in E:\test-demo\Shitou.Framework4Core\samples\Shitou.Framework.Demo.Service\BaseService.cs:line 37
