2018-12-29 15:49:47,986 [1] INFO  Microsoft.AspNetCore.DataProtection.KeyManagement.XmlKeyManager - User profile is available. Using 'C:\Users\PC\AppData\Local\ASP.NET\DataProtection-Keys' as key repository and Windows DPAPI to encrypt keys at rest.
2018-12-29 15:49:48,701 [6] INFO  Microsoft.AspNetCore.Hosting.Internal.WebHost - Request starting HTTP/1.1 GET http://localhost:23048/  
2018-12-29 15:49:48,702 [7] INFO  Microsoft.AspNetCore.Hosting.Internal.WebHost - Request starting HTTP/1.1 DEBUG http://localhost:23048/  0
2018-12-29 15:49:48,821 [7] INFO  Microsoft.AspNetCore.Hosting.Internal.WebHost - Request finished in 145.6637ms 200 
2018-12-29 15:49:49,130 [6] INFO  Microsoft.AspNetCore.Authorization.DefaultAuthorizationService - Authorization failed for user: (null).
2018-12-29 15:49:49,157 [6] INFO  Microsoft.AspNetCore.Mvc.Internal.ControllerActionInvoker - Authorization failed for the request at filter 'Microsoft.AspNetCore.Mvc.Authorization.AuthorizeFilter'.
2018-12-29 15:49:49,164 [6] INFO  Microsoft.AspNetCore.Mvc.ChallengeResult - Executing ChallengeResult with authentication schemes ().
2018-12-29 15:49:49,182 [6] INFO  Microsoft.AspNetCore.Authentication.Cookies.CookieAuthenticationHandler - AuthenticationScheme: Cookies was challenged.
2018-12-29 15:49:49,209 [6] INFO  Microsoft.AspNetCore.Mvc.Internal.ControllerActionInvoker - Executed action Shitou.Framework.Demo.Mvc.Controllers.HomeController.Index (Shitou.Framework.Demo.Mvc) in 63.6834ms
2018-12-29 15:49:49,224 [6] INFO  Microsoft.AspNetCore.Hosting.Internal.WebHost - Request finished in 552.0874ms 302 
2018-12-29 15:49:49,234 [12] INFO  Microsoft.AspNetCore.Hosting.Internal.WebHost - Request starting HTTP/1.1 GET http://localhost:23048/Login?ReturnUrl=%2F  
2018-12-29 15:49:49,390 [12] INFO  Shitou.Framework.Demo.Application.Filter.GlobalActionFilterAttribute - Request Start->RequestPath:Login/Index,ActionArguments:{}
2018-12-29 15:49:49,420 [12] INFO  Microsoft.AspNetCore.Mvc.Internal.ControllerActionInvoker - Executing action method Shitou.Framework.Demo.Mvc.Controllers.LoginController.Index (Shitou.Framework.Demo.Mvc) with arguments () - ModelState is Valid
2018-12-29 15:49:49,447 [12] INFO  Microsoft.AspNetCore.Authentication.Cookies.CookieAuthenticationHandler - AuthenticationScheme: Cookies signed out.
2018-12-29 15:49:49,492 [12] INFO  Shitou.Framework.Demo.Application.Filter.GlobalActionFilterAttribute - Request End->RequestPath:Login/Index,Response:{"StatusCode":null,"ViewName":null,"Model":null,"ViewData":{},"TempData":{},"ViewEngine":null,"ContentType":null}
2018-12-29 15:49:53,051 [12] INFO  Microsoft.AspNetCore.Mvc.ViewFeatures.Internal.ViewResultExecutor - Executing ViewResult, running view at path /Views/Login/Index.cshtml.
2018-12-29 15:49:53,504 [12] INFO  Microsoft.AspNetCore.Mvc.Internal.ControllerActionInvoker - Executed action Shitou.Framework.Demo.Mvc.Controllers.LoginController.Index (Shitou.Framework.Demo.Mvc) in 4232.9989ms
2018-12-29 15:49:53,516 [12] INFO  Microsoft.AspNetCore.Hosting.Internal.WebHost - Request finished in 4278.2653ms 200 text/html; charset=utf-8
2018-12-29 15:49:53,579 [7] INFO  Microsoft.AspNetCore.Hosting.Internal.WebHost - Request starting HTTP/1.1 GET http://localhost:23048/lib/layui/css/layui.css  
2018-12-29 15:49:53,617 [7] INFO  Microsoft.AspNetCore.StaticFiles.StaticFileMiddleware - Sending file. Request path: '/lib/layui/css/layui.css'. Physical path: 'E:\test-demo\Shitou.Framework4Core\samples\Shitou.Framework.MvcDemo\wwwroot\lib\layui\css\layui.css'
2018-12-29 15:49:53,691 [18] INFO  Microsoft.AspNetCore.Session.SessionMiddleware - Committing the session was canceled.
2018-12-29 15:49:53,705 [18] INFO  Microsoft.AspNetCore.Hosting.Internal.WebHost - Request finished in 136.748ms 200 text/css
2018-12-29 15:52:39,876 [6] INFO  Microsoft.AspNetCore.Hosting.Internal.WebHost - Request starting HTTP/1.1 POST http://localhost:23048/Login/Index application/x-www-form-urlencoded; charset=UTF-8 254
2018-12-29 15:52:39,957 [6] INFO  Shitou.Framework.Demo.Application.Filter.GlobalActionFilterAttribute - Request Start->RequestPath:Login/Index,ActionArguments:{"request":{"UserName":"admin","Password":"123"}}
2018-12-29 15:52:39,981 [6] INFO  Microsoft.AspNetCore.Mvc.Internal.ControllerActionInvoker - Executing action method Shitou.Framework.Demo.Mvc.Controllers.LoginController.Index (Shitou.Framework.Demo.Mvc) with arguments (Shitou.Framework.Demo.DataContract.Request.UserLoginRequest) - ModelState is Valid
2018-12-29 15:52:40,815 [6] INFO  Microsoft.AspNetCore.Authentication.Cookies.CookieAuthenticationHandler - AuthenticationScheme: Cookies signed in.
2018-12-29 15:52:40,845 [6] INFO  Shitou.Framework.Demo.Application.Filter.GlobalActionFilterAttribute - Request End->RequestPath:Login/Index,Response:{"ContentType":null,"SerializerSettings":null,"StatusCode":null,"Value":{"IsOk":true,"Msg":"登录成功！","Data":null}}
2018-12-29 15:52:40,853 [6] INFO  Microsoft.AspNetCore.Mvc.Formatters.Json.Internal.JsonResultExecutor - Executing JsonResult, writing value Shitou.Framework.Demo.Application.Models.AjaxResult.
2018-12-29 15:52:40,882 [6] INFO  Microsoft.AspNetCore.Mvc.Internal.ControllerActionInvoker - Executed action Shitou.Framework.Demo.Mvc.Controllers.LoginController.Index (Shitou.Framework.Demo.Mvc) in 966.4431ms
2018-12-29 15:52:40,890 [6] INFO  Microsoft.AspNetCore.Hosting.Internal.WebHost - Request finished in 1012.392ms 200 application/json; charset=utf-8
2018-12-29 15:52:40,934 [19] INFO  Microsoft.AspNetCore.Hosting.Internal.WebHost - Request starting HTTP/1.1 GET http://localhost:23048/Home  
2018-12-29 15:52:40,962 [19] INFO  Microsoft.AspNetCore.Authentication.Cookies.CookieAuthenticationHandler - AuthenticationScheme: Cookies was successfully authenticated.
2018-12-29 15:52:40,968 [19] INFO  Microsoft.AspNetCore.Authorization.DefaultAuthorizationService - Authorization was successful for user: admin.
2018-12-29 15:52:41,023 [19] INFO  Shitou.Framework.Demo.Application.Filter.GlobalActionFilterAttribute - Request Start->RequestPath:Home/Index,ActionArguments:{}
2018-12-29 15:52:41,043 [19] INFO  Microsoft.AspNetCore.Mvc.Internal.ControllerActionInvoker - Executing action method Shitou.Framework.Demo.Mvc.Controllers.HomeController.Index (Shitou.Framework.Demo.Mvc) with arguments ((null)) - ModelState is Valid
2018-12-29 15:52:41,155 [19] INFO  Shitou.Framework.Demo.Application.Filter.GlobalActionFilterAttribute - Request End->RequestPath:Home/Index,Response:{"StatusCode":null,"ViewName":null,"Model":null,"ViewData":{"RealName":"超级管理员","UserID":"20180615174009124552","MenuList":"<li class=\"layui-nav-item layui-nav-itemed\"><a class=\"\" href=\"javascript:; \">&nbsp;&nbsp;商品管理</a><dl class=\"layui-nav-child\"><dd><a href = \"javascript:;\" lay-id=\"20181226140504182551\" lay-url=\"/Goods/GoodsList\">商品列表</a></dd><dd><a href = \"javascript:;\" lay-id=\"20181226160305716476\" lay-url=\"/Goods/GoodsTypeList\">类别列表</a></dd></dl></li><li class=\"layui-nav-item\"><a class=\"\" href=\"javascript:; \"><i class=\"layui-icon layui-icon-chuangkou\"></i>&nbsp;&nbsp;表单模板</a><dl class=\"layui-nav-child\"><dd><a href = \"javascript:;\" lay-id=\"20180731141217864152\" lay-url=\"/Template/TableTemplateList\">模板列表</a></dd></dl></li><li class=\"layui-nav-item\"><a class=\"\" href=\"javascript:; \"><i class=\"layui-icon layui-icon-chuangkou\"></i>&nbsp;&nbsp;系统管理</a><dl class=\"layui-nav-child\"><dd><a href = \"javascript:;\" lay-id=\"20180619153350134152\" lay-url=\"/System/UserList\">用户列表</a></dd><dd><a href = \"javascript:;\" lay-id=\"20180619153458426296\" lay-url=\"/System/RoleList\">角色列表</a></dd><dd><a href = \"javascript:;\" lay-id=\"20180626140518168464\" lay-url=\"/System/AuthList\">权限列表</a></dd><dd><a href = \"javascript:;\" lay-id=\"20180725095722592140\" lay-url=\"/Image/Index\">上传控件</a></dd></dl></li>"},"TempData":{},"ViewEngine":null,"ContentType":null}
2018-12-29 15:52:41,489 [19] INFO  Microsoft.AspNetCore.Mvc.ViewFeatures.Internal.ViewResultExecutor - Executing ViewResult, running view at path /Views/Home/Index.cshtml.
2018-12-29 15:52:41,572 [19] INFO  Microsoft.AspNetCore.Mvc.Internal.ControllerActionInvoker - Executed action Shitou.Framework.Demo.Mvc.Controllers.HomeController.Index (Shitou.Framework.Demo.Mvc) in 569.8886ms
2018-12-29 15:52:41,585 [19] INFO  Microsoft.AspNetCore.Hosting.Internal.WebHost - Request finished in 664.201ms 200 text/html; charset=utf-8
2018-12-29 15:52:41,756 [22] INFO  Microsoft.AspNetCore.Hosting.Internal.WebHost - Request starting HTTP/1.1 GET http://localhost:23048/Home/Welcome  
2018-12-29 15:52:41,781 [22] INFO  Microsoft.AspNetCore.Authentication.Cookies.CookieAuthenticationHandler - AuthenticationScheme: Cookies was successfully authenticated.
2018-12-29 15:52:41,807 [22] INFO  Microsoft.AspNetCore.Authorization.DefaultAuthorizationService - Authorization was successful for user: admin.
2018-12-29 15:52:41,831 [22] INFO  Shitou.Framework.Demo.Application.Filter.GlobalActionFilterAttribute - Request Start->RequestPath:Home/Welcome,ActionArguments:{}
2018-12-29 15:52:41,856 [22] INFO  Microsoft.AspNetCore.Mvc.Internal.ControllerActionInvoker - Executing action method Shitou.Framework.Demo.Mvc.Controllers.HomeController.Welcome (Shitou.Framework.Demo.Mvc) with arguments ((null)) - ModelState is Valid
2018-12-29 15:52:41,860 [22] INFO  Shitou.Framework.Demo.Application.Filter.GlobalActionFilterAttribute - Request End->RequestPath:Home/Welcome,Response:{"StatusCode":null,"ViewName":null,"Model":null,"ViewData":{},"TempData":{},"ViewEngine":null,"ContentType":null}
2018-12-29 15:52:42,005 [22] INFO  Microsoft.AspNetCore.Mvc.ViewFeatures.Internal.ViewResultExecutor - Executing ViewResult, running view at path /Views/Home/Welcome.cshtml.
2018-12-29 15:52:42,021 [22] INFO  Microsoft.AspNetCore.Mvc.Internal.ControllerActionInvoker - Executed action Shitou.Framework.Demo.Mvc.Controllers.HomeController.Welcome (Shitou.Framework.Demo.Mvc) in 232.9951ms
2018-12-29 15:52:42,037 [22] INFO  Microsoft.AspNetCore.Hosting.Internal.WebHost - Request finished in 272.9551ms 200 text/html; charset=utf-8
2018-12-29 15:52:49,592 [7] INFO  Microsoft.AspNetCore.Hosting.Internal.WebHost - Request starting HTTP/1.1 GET http://localhost:23048/Goods/GoodsList  
2018-12-29 15:52:49,598 [7] INFO  Microsoft.AspNetCore.Authentication.Cookies.CookieAuthenticationHandler - AuthenticationScheme: Cookies was successfully authenticated.
2018-12-29 15:52:49,608 [7] INFO  Microsoft.AspNetCore.Authorization.DefaultAuthorizationService - Authorization was successful for user: admin.
2018-12-29 15:52:49,642 [7] INFO  Shitou.Framework.Demo.Application.Filter.GlobalActionFilterAttribute - Request Start->RequestPath:Goods/GoodsList,ActionArguments:{"request":{"GoodsName":null,"GoodsTypeID":null,"PageSize":8,"PageIndex":1,"OrderBy":null}}
2018-12-29 15:52:49,647 [7] INFO  Microsoft.AspNetCore.Mvc.Internal.ControllerActionInvoker - Executing action method Shitou.Framework.Demo.Mvc.Controllers.GoodsController.GoodsList (Shitou.Framework.Demo.Mvc) with arguments (Shitou.Framework.Demo.DataContract.Request.GetGoodsListRequest) - ModelState is Valid
2018-12-29 15:52:49,717 [7] INFO  Shitou.Framework.Demo.Application.Filter.GlobalActionFilterAttribute - Request End->RequestPath:Goods/GoodsList,Response:{"StatusCode":null,"ViewName":null,"Model":[],"ViewData":{"GoodsType":[{"Disabled":false,"Group":null,"Selected":false,"Text":"男装","Value":"20181226165719304655"},{"Disabled":false,"Group":null,"Selected":false,"Text":"|---衬衫","Value":"20181226165750447340"},{"Disabled":false,"Group":null,"Selected":false,"Text":"|---裤子","Value":"20181226165804155353"},{"Disabled":false,"Group":null,"Selected":false,"Text":"女装","Value":"20181226165729228519"}]},"TempData":{},"ViewEngine":null,"ContentType":null}
2018-12-29 15:52:50,169 [7] INFO  Microsoft.AspNetCore.Mvc.ViewFeatures.Internal.ViewResultExecutor - Executing ViewResult, running view at path /Views/Goods/GoodsList.cshtml.
2018-12-29 15:52:50,372 [7] INFO  Microsoft.AspNetCore.Mvc.Internal.ControllerActionInvoker - Executed action Shitou.Framework.Demo.Mvc.Controllers.GoodsController.GoodsList (Shitou.Framework.Demo.Mvc) in 760.1039ms
2018-12-29 15:52:50,394 [7] INFO  Microsoft.AspNetCore.Hosting.Internal.WebHost - Request finished in 798.257ms 200 text/html; charset=utf-8
2018-12-29 15:52:52,335 [6] INFO  Microsoft.AspNetCore.Hosting.Internal.WebHost - Request starting HTTP/1.1 GET http://localhost:23048/Goods/GoodsAdd  
2018-12-29 15:52:52,342 [6] INFO  Microsoft.AspNetCore.Authentication.Cookies.CookieAuthenticationHandler - AuthenticationScheme: Cookies was successfully authenticated.
2018-12-29 15:52:52,376 [6] INFO  Microsoft.AspNetCore.Authorization.DefaultAuthorizationService - Authorization was successful for user: admin.
2018-12-29 15:52:52,380 [6] INFO  Shitou.Framework.Demo.Application.Filter.GlobalActionFilterAttribute - Request Start->RequestPath:Goods/GoodsAdd,ActionArguments:{}
2018-12-29 15:52:52,385 [6] INFO  Microsoft.AspNetCore.Mvc.Internal.ControllerActionInvoker - Executing action method Shitou.Framework.Demo.Mvc.Controllers.GoodsController.GoodsAdd (Shitou.Framework.Demo.Mvc) with arguments () - ModelState is Valid
2018-12-29 15:52:52,432 [6] INFO  Shitou.Framework.Demo.Application.Filter.GlobalActionFilterAttribute - Request End->RequestPath:Goods/GoodsAdd,Response:{"StatusCode":null,"ViewName":null,"Model":{"ID":null,"GoodsName":null,"GoodsTypeID":null,"OriginalPrice":0.0,"PresentPrice":0.0,"CouponPrice":0.0,"SummaryText":null,"Description":null,"Password":null,"ImageUrl":null,"PlatformType":0,"IsDelete":false,"CreateBy":null,"CreateTime":"0001-01-01T00:00:00"},"ViewData":{"GoodsType":[{"Disabled":false,"Group":null,"Selected":false,"Text":"男装","Value":"20181226165719304655"},{"Disabled":false,"Group":null,"Selected":false,"Text":"|---衬衫","Value":"20181226165750447340"},{"Disabled":false,"Group":null,"Selected":false,"Text":"|---裤子","Value":"20181226165804155353"},{"Disabled":false,"Group":null,"Selected":false,"Text":"女装","Value":"20181226165729228519"}]},"TempData":{},"ViewEngine":null,"ContentType":null}
2018-12-29 15:52:52,598 [6] INFO  Microsoft.AspNetCore.Mvc.ViewFeatures.Internal.ViewResultExecutor - Executing ViewResult, running view at path /Views/Goods/GoodsAdd.cshtml.
2018-12-29 15:52:52,619 [6] INFO  Microsoft.AspNetCore.Mvc.Internal.ControllerActionInvoker - Executed action Shitou.Framework.Demo.Mvc.Controllers.GoodsController.GoodsAdd (Shitou.Framework.Demo.Mvc) in 261.3792ms
2018-12-29 15:52:52,646 [6] INFO  Microsoft.AspNetCore.Hosting.Internal.WebHost - Request finished in 312.0511ms 200 text/html; charset=utf-8
2018-12-29 15:52:52,658 [7] INFO  Microsoft.AspNetCore.Hosting.Internal.WebHost - Request starting HTTP/1.1 GET http://localhost:23048/lib/webuploader/webuploader.css  
2018-12-29 15:52:52,669 [6] INFO  Microsoft.AspNetCore.Hosting.Internal.WebHost - Request starting HTTP/1.1 GET http://localhost:23048/js/webuploader-lib.js  
2018-12-29 15:52:52,707 [6] INFO  Microsoft.AspNetCore.StaticFiles.StaticFileMiddleware - The file /js/webuploader-lib.js was not modified
2018-12-29 15:52:52,709 [7] INFO  Microsoft.AspNetCore.StaticFiles.StaticFileMiddleware - The file /lib/webuploader/webuploader.css was not modified
2018-12-29 15:52:52,742 [7] INFO  Microsoft.AspNetCore.Hosting.Internal.WebHost - Request finished in 79.3646ms 304 text/css
2018-12-29 15:52:52,748 [6] INFO  Microsoft.AspNetCore.Hosting.Internal.WebHost - Request finished in 76.488ms 304 application/javascript
2018-12-29 15:56:13,119 [7] INFO  Microsoft.AspNetCore.Hosting.Internal.WebHost - Request starting HTTP/1.1 POST http://localhost:23048/Image/UploadImage multipart/form-data; boundary=---------------------------41184676334 132281
2018-12-29 15:56:13,146 [7] INFO  Microsoft.AspNetCore.Authentication.Cookies.CookieAuthenticationHandler - AuthenticationScheme: Cookies was successfully authenticated.
2018-12-29 15:56:13,248 [19] INFO  Shitou.Framework.Demo.Application.Filter.GlobalActionFilterAttribute - Request Start->RequestPath:Image/UploadImage,ActionArguments:{"file":{"ContentDisposition":"form-data; name=\"file\"; filename=\"image (4).png\"","ContentType":"image/png","Headers":{"Content-Disposition":["form-data; name=\"file\"; filename=\"image (4).png\""],"Content-Type":["image/png"]},"Length":131468,"Name":"file","FileName":"image (4).png"},"imageType":"Goods"}
2018-12-29 15:56:13,253 [19] INFO  Microsoft.AspNetCore.Mvc.Internal.ControllerActionInvoker - Executing action method Shitou.Framework.Demo.Mvc.Controllers.ImageController.UploadImage (Shitou.Framework.Demo.Mvc) with arguments (Microsoft.AspNetCore.Http.Internal.FormFile, Goods) - ModelState is Valid
2018-12-29 15:56:13,289 [19] INFO  Shitou.Framework.Demo.Mvc.Controllers.ImageController - 上传图片路径：/upload/Goods/ae3b4cf2-ab0c-4814-82be-b78a4eb982c3.jpg
2018-12-29 15:56:13,321 [19] INFO  Shitou.Framework.Demo.Application.Filter.GlobalActionFilterAttribute - Request End->RequestPath:Image/UploadImage,Response:{"Value":"/upload/Goods/ae3b4cf2-ab0c-4814-82be-b78a4eb982c3.jpg","Formatters":[],"ContentTypes":[],"DeclaredType":"System.String, System.Private.CoreLib, Version=4.0.0.0, Culture=neutral, PublicKeyToken=7cec85d7bea7798e","StatusCode":null}
2018-12-29 15:56:13,350 [19] INFO  Microsoft.AspNetCore.Mvc.Internal.ObjectResultExecutor - Executing ObjectResult, writing value Microsoft.AspNetCore.Mvc.ControllerContext.
2018-12-29 15:56:13,357 [19] INFO  Microsoft.AspNetCore.Mvc.Internal.ControllerActionInvoker - Executed action Shitou.Framework.Demo.Mvc.Controllers.ImageController.UploadImage (Shitou.Framework.Demo.Mvc) in 204.7028ms
2018-12-29 15:56:13,364 [19] INFO  Microsoft.AspNetCore.Hosting.Internal.WebHost - Request finished in 245.4938ms 200 text/plain; charset=utf-8
2018-12-29 15:56:14,905 [19] INFO  Microsoft.AspNetCore.Hosting.Internal.WebHost - Request starting HTTP/1.1 GET http://localhost:23048/upload/Goods/ae3b4cf2-ab0c-4814-82be-b78a4eb982c3.jpg  
2018-12-29 15:56:14,910 [19] INFO  Microsoft.AspNetCore.StaticFiles.StaticFileMiddleware - Sending file. Request path: '/Goods/ae3b4cf2-ab0c-4814-82be-b78a4eb982c3.jpg'. Physical path: 'E:\test-demo\Shitou.Framework4Core\samples\Shitou.Framework.MvcDemo\Upload\Goods\ae3b4cf2-ab0c-4814-82be-b78a4eb982c3.jpg'
2018-12-29 15:56:14,926 [7] INFO  Microsoft.AspNetCore.Hosting.Internal.WebHost - Request finished in 18.2345ms 200 image/jpeg
2018-12-29 15:56:19,436 [19] INFO  Microsoft.AspNetCore.Hosting.Internal.WebHost - Request starting HTTP/1.1 POST http://localhost:23048/Goods/GoodsAdd application/x-www-form-urlencoded; charset=UTF-8 516
2018-12-29 15:56:19,442 [19] INFO  Microsoft.AspNetCore.Authentication.Cookies.CookieAuthenticationHandler - AuthenticationScheme: Cookies was successfully authenticated.
2018-12-29 15:56:19,471 [19] INFO  Microsoft.AspNetCore.Authorization.DefaultAuthorizationService - Authorization was successful for user: admin.
2018-12-29 15:56:19,501 [19] INFO  Shitou.Framework.Demo.Application.Filter.GlobalActionFilterAttribute - Request Start->RequestPath:Goods/GoodsAdd,ActionArguments:{"info":{"ID":null,"GoodsName":"测试商品","GoodsTypeID":"20181226165750447340","OriginalPrice":100.0,"PresentPrice":80.0,"CouponPrice":20.0,"SummaryText":"777777","Description":null,"Password":"￥fhfh878kjhfdf￥","ImageUrl":"/upload/Goods/ae3b4cf2-ab0c-4814-82be-b78a4eb982c3.jpg","PlatformType":0,"IsDelete":false,"CreateBy":null,"CreateTime":"0001-01-01T00:00:00"}}
2018-12-29 15:56:19,524 [19] INFO  Microsoft.AspNetCore.Mvc.Internal.ControllerActionInvoker - Executing action method Shitou.Framework.Demo.Mvc.Controllers.GoodsController.GoodsAdd (Shitou.Framework.Demo.Mvc) with arguments (Shitou.Framework.Demo.Model.GoodsInfo) - ModelState is Valid
2018-12-29 15:56:19,817 [19] INFO  Shitou.Framework.Demo.Application.Filter.GlobalActionFilterAttribute - Request End->RequestPath:Goods/GoodsAdd,Response:{"ContentType":null,"SerializerSettings":null,"StatusCode":null,"Value":{"IsOk":false,"Msg":"添加失败","Data":null}}
2018-12-29 15:56:19,841 [19] INFO  Microsoft.AspNetCore.Mvc.Formatters.Json.Internal.JsonResultExecutor - Executing JsonResult, writing value Shitou.Framework.Demo.Application.Models.AjaxResult.
2018-12-29 15:56:19,845 [19] INFO  Microsoft.AspNetCore.Mvc.Internal.ControllerActionInvoker - Executed action Shitou.Framework.Demo.Mvc.Controllers.GoodsController.GoodsAdd (Shitou.Framework.Demo.Mvc) in 394.6468ms
2018-12-29 15:56:19,850 [19] INFO  Microsoft.AspNetCore.Hosting.Internal.WebHost - Request finished in 413.4942ms 200 application/json; charset=utf-8
2018-12-29 15:58:17,955 [19] INFO  Microsoft.AspNetCore.Hosting.Internal.WebHost - Request starting HTTP/1.1 POST http://localhost:23048/Goods/GoodsAdd application/x-www-form-urlencoded; charset=UTF-8 516
2018-12-29 15:58:17,981 [19] INFO  Microsoft.AspNetCore.Authentication.Cookies.CookieAuthenticationHandler - AuthenticationScheme: Cookies was successfully authenticated.
2018-12-29 15:58:17,985 [19] INFO  Microsoft.AspNetCore.Authorization.DefaultAuthorizationService - Authorization was successful for user: admin.
2018-12-29 15:58:18,009 [19] INFO  Shitou.Framework.Demo.Application.Filter.GlobalActionFilterAttribute - Request Start->RequestPath:Goods/GoodsAdd,ActionArguments:{"info":{"ID":null,"GoodsName":"测试商品","GoodsTypeID":"20181226165750447340","OriginalPrice":100.0,"PresentPrice":80.0,"CouponPrice":20.0,"SummaryText":"777777","Description":null,"Password":"￥fhfh878kjhfdf￥","ImageUrl":"/upload/Goods/ae3b4cf2-ab0c-4814-82be-b78a4eb982c3.jpg","PlatformType":0,"IsDelete":false,"CreateBy":null,"CreateTime":"0001-01-01T00:00:00"}}
2018-12-29 15:58:18,034 [19] INFO  Microsoft.AspNetCore.Mvc.Internal.ControllerActionInvoker - Executing action method Shitou.Framework.Demo.Mvc.Controllers.GoodsController.GoodsAdd (Shitou.Framework.Demo.Mvc) with arguments (Shitou.Framework.Demo.Model.GoodsInfo) - ModelState is Valid
2018-12-29 15:59:06,682 [19] INFO  Shitou.Framework.Demo.Application.Filter.GlobalActionFilterAttribute - Request End->RequestPath:Goods/GoodsAdd,Response:{"ContentType":null,"SerializerSettings":null,"StatusCode":null,"Value":{"IsOk":false,"Msg":"添加失败","Data":null}}
2018-12-29 15:59:06,710 [19] INFO  Microsoft.AspNetCore.Mvc.Formatters.Json.Internal.JsonResultExecutor - Executing JsonResult, writing value Shitou.Framework.Demo.Application.Models.AjaxResult.
2018-12-29 15:59:06,716 [19] INFO  Microsoft.AspNetCore.Mvc.Internal.ControllerActionInvoker - Executed action Shitou.Framework.Demo.Mvc.Controllers.GoodsController.GoodsAdd (Shitou.Framework.Demo.Mvc) in 48730.3911ms
2018-12-29 15:59:06,720 [19] INFO  Microsoft.AspNetCore.Hosting.Internal.WebHost - Request finished in 48769.8604ms 200 application/json; charset=utf-8
2018-12-29 15:59:46,439 [19] INFO  Microsoft.AspNetCore.Hosting.Internal.WebHost - Request starting HTTP/1.1 POST http://localhost:23048/Goods/GoodsAdd application/x-www-form-urlencoded; charset=UTF-8 516
2018-12-29 15:59:46,464 [19] INFO  Microsoft.AspNetCore.Authentication.Cookies.CookieAuthenticationHandler - AuthenticationScheme: Cookies was successfully authenticated.
2018-12-29 15:59:46,490 [19] INFO  Microsoft.AspNetCore.Authorization.DefaultAuthorizationService - Authorization was successful for user: admin.
2018-12-29 15:59:46,515 [19] INFO  Shitou.Framework.Demo.Application.Filter.GlobalActionFilterAttribute - Request Start->RequestPath:Goods/GoodsAdd,ActionArguments:{"info":{"ID":null,"GoodsName":"测试商品","GoodsTypeID":"20181226165750447340","OriginalPrice":100.0,"PresentPrice":80.0,"CouponPrice":20.0,"SummaryText":"777777","Description":null,"Password":"￥fhfh878kjhfdf￥","ImageUrl":"/upload/Goods/ae3b4cf2-ab0c-4814-82be-b78a4eb982c3.jpg","PlatformType":0,"IsDelete":false,"CreateBy":null,"CreateTime":"0001-01-01T00:00:00"}}
2018-12-29 15:59:46,519 [19] INFO  Microsoft.AspNetCore.Mvc.Internal.ControllerActionInvoker - Executing action method Shitou.Framework.Demo.Mvc.Controllers.GoodsController.GoodsAdd (Shitou.Framework.Demo.Mvc) with arguments (Shitou.Framework.Demo.Model.GoodsInfo) - ModelState is Valid
2018-12-29 15:59:48,975 [19] INFO  Shitou.Framework.Demo.Application.Filter.GlobalActionFilterAttribute - Request End->RequestPath:Goods/GoodsAdd,Response:{"ContentType":null,"SerializerSettings":null,"StatusCode":null,"Value":{"IsOk":false,"Msg":"添加失败","Data":null}}
2018-12-29 15:59:48,999 [19] INFO  Microsoft.AspNetCore.Mvc.Formatters.Json.Internal.JsonResultExecutor - Executing JsonResult, writing value Shitou.Framework.Demo.Application.Models.AjaxResult.
2018-12-29 15:59:49,004 [19] INFO  Microsoft.AspNetCore.Mvc.Internal.ControllerActionInvoker - Executed action Shitou.Framework.Demo.Mvc.Controllers.GoodsController.GoodsAdd (Shitou.Framework.Demo.Mvc) in 2534.291ms
2018-12-29 15:59:49,011 [19] INFO  Microsoft.AspNetCore.Hosting.Internal.WebHost - Request finished in 2569.5391ms 200 application/json; charset=utf-8
2018-12-29 16:00:11,525 [19] INFO  Microsoft.AspNetCore.Hosting.Internal.WebHost - Request starting HTTP/1.1 POST http://localhost:23048/Goods/GoodsAdd application/x-www-form-urlencoded; charset=UTF-8 516
2018-12-29 16:00:11,531 [19] INFO  Microsoft.AspNetCore.Authentication.Cookies.CookieAuthenticationHandler - AuthenticationScheme: Cookies was successfully authenticated.
2018-12-29 16:00:11,555 [19] INFO  Microsoft.AspNetCore.Authorization.DefaultAuthorizationService - Authorization was successful for user: admin.
2018-12-29 16:00:11,581 [19] INFO  Shitou.Framework.Demo.Application.Filter.GlobalActionFilterAttribute - Request Start->RequestPath:Goods/GoodsAdd,ActionArguments:{"info":{"ID":null,"GoodsName":"测试商品","GoodsTypeID":"20181226165750447340","OriginalPrice":100.0,"PresentPrice":80.0,"CouponPrice":20.0,"SummaryText":"777777","Description":null,"Password":"￥fhfh878kjhfdf￥","ImageUrl":"/upload/Goods/ae3b4cf2-ab0c-4814-82be-b78a4eb982c3.jpg","PlatformType":0,"IsDelete":false,"CreateBy":null,"CreateTime":"0001-01-01T00:00:00"}}
2018-12-29 16:00:11,596 [19] INFO  Microsoft.AspNetCore.Mvc.Internal.ControllerActionInvoker - Executing action method Shitou.Framework.Demo.Mvc.Controllers.GoodsController.GoodsAdd (Shitou.Framework.Demo.Mvc) with arguments (Shitou.Framework.Demo.Model.GoodsInfo) - ModelState is Valid
2018-12-29 16:00:11,710 [19] INFO  Shitou.Framework.Demo.Application.Filter.GlobalActionFilterAttribute - Request End->RequestPath:Goods/GoodsAdd,Response:{"ContentType":null,"SerializerSettings":null,"StatusCode":null,"Value":{"IsOk":false,"Msg":"添加失败","Data":null}}
2018-12-29 16:00:11,734 [19] INFO  Microsoft.AspNetCore.Mvc.Formatters.Json.Internal.JsonResultExecutor - Executing JsonResult, writing value Shitou.Framework.Demo.Application.Models.AjaxResult.
2018-12-29 16:00:11,739 [19] INFO  Microsoft.AspNetCore.Mvc.Internal.ControllerActionInvoker - Executed action Shitou.Framework.Demo.Mvc.Controllers.GoodsController.GoodsAdd (Shitou.Framework.Demo.Mvc) in 202.6277ms
2018-12-29 16:00:11,743 [19] INFO  Microsoft.AspNetCore.Hosting.Internal.WebHost - Request finished in 217.2326ms 200 application/json; charset=utf-8
2018-12-29 16:01:06,439 [19] INFO  Microsoft.AspNetCore.Hosting.Internal.WebHost - Request starting HTTP/1.1 POST http://localhost:23048/Goods/GoodsAdd application/x-www-form-urlencoded; charset=UTF-8 516
2018-12-29 16:01:06,465 [19] INFO  Microsoft.AspNetCore.Authentication.Cookies.CookieAuthenticationHandler - AuthenticationScheme: Cookies was successfully authenticated.
2018-12-29 16:01:06,491 [19] INFO  Microsoft.AspNetCore.Authorization.DefaultAuthorizationService - Authorization was successful for user: admin.
2018-12-29 16:01:06,497 [19] INFO  Shitou.Framework.Demo.Application.Filter.GlobalActionFilterAttribute - Request Start->RequestPath:Goods/GoodsAdd,ActionArguments:{"info":{"ID":null,"GoodsName":"测试商品","GoodsTypeID":"20181226165750447340","OriginalPrice":100.0,"PresentPrice":80.0,"CouponPrice":20.0,"SummaryText":"777777","Description":null,"Password":"￥fhfh878kjhfdf￥","ImageUrl":"/upload/Goods/ae3b4cf2-ab0c-4814-82be-b78a4eb982c3.jpg","PlatformType":0,"IsDelete":false,"CreateBy":null,"CreateTime":"0001-01-01T00:00:00"}}
2018-12-29 16:01:06,527 [19] INFO  Microsoft.AspNetCore.Mvc.Internal.ControllerActionInvoker - Executing action method Shitou.Framework.Demo.Mvc.Controllers.GoodsController.GoodsAdd (Shitou.Framework.Demo.Mvc) with arguments (Shitou.Framework.Demo.Model.GoodsInfo) - ModelState is Valid
2018-12-29 16:01:06,659 [19] INFO  Shitou.Framework.Demo.Application.Filter.GlobalActionFilterAttribute - Request End->RequestPath:Goods/GoodsAdd,Response:{"ContentType":null,"SerializerSettings":null,"StatusCode":null,"Value":{"IsOk":false,"Msg":"添加失败","Data":null}}
2018-12-29 16:01:06,684 [19] INFO  Microsoft.AspNetCore.Mvc.Formatters.Json.Internal.JsonResultExecutor - Executing JsonResult, writing value Shitou.Framework.Demo.Application.Models.AjaxResult.
2018-12-29 16:01:06,689 [19] INFO  Microsoft.AspNetCore.Mvc.Internal.ControllerActionInvoker - Executed action Shitou.Framework.Demo.Mvc.Controllers.GoodsController.GoodsAdd (Shitou.Framework.Demo.Mvc) in 218.2929ms
2018-12-29 16:01:06,697 [19] INFO  Microsoft.AspNetCore.Hosting.Internal.WebHost - Request finished in 274.0537ms 200 application/json; charset=utf-8
2018-12-29 16:01:45,948 [7] INFO  Microsoft.AspNetCore.Hosting.Internal.WebHost - Request starting HTTP/1.1 POST http://localhost:23048/Goods/GoodsAdd application/x-www-form-urlencoded; charset=UTF-8 516
2018-12-29 16:01:45,952 [7] INFO  Microsoft.AspNetCore.Authentication.Cookies.CookieAuthenticationHandler - AuthenticationScheme: Cookies was successfully authenticated.
2018-12-29 16:01:45,958 [7] INFO  Microsoft.AspNetCore.Authorization.DefaultAuthorizationService - Authorization was successful for user: admin.
2018-12-29 16:01:45,982 [7] INFO  Shitou.Framework.Demo.Application.Filter.GlobalActionFilterAttribute - Request Start->RequestPath:Goods/GoodsAdd,ActionArguments:{"info":{"ID":null,"GoodsName":"测试商品","GoodsTypeID":"20181226165750447340","OriginalPrice":100.0,"PresentPrice":80.0,"CouponPrice":20.0,"SummaryText":"777777","Description":null,"Password":"￥fhfh878kjhfdf￥","ImageUrl":"/upload/Goods/ae3b4cf2-ab0c-4814-82be-b78a4eb982c3.jpg","PlatformType":0,"IsDelete":false,"CreateBy":null,"CreateTime":"0001-01-01T00:00:00"}}
2018-12-29 16:01:46,007 [7] INFO  Microsoft.AspNetCore.Mvc.Internal.ControllerActionInvoker - Executing action method Shitou.Framework.Demo.Mvc.Controllers.GoodsController.GoodsAdd (Shitou.Framework.Demo.Mvc) with arguments (Shitou.Framework.Demo.Model.GoodsInfo) - ModelState is Valid
2018-12-29 16:01:46,024 [7] INFO  Shitou.Framework.Demo.Application.Filter.GlobalActionFilterAttribute - Request End->RequestPath:Goods/GoodsAdd,Response:{"ContentType":null,"SerializerSettings":null,"StatusCode":null,"Value":{"IsOk":true,"Msg":"添加成功","Data":null}}
2018-12-29 16:01:46,047 [7] INFO  Microsoft.AspNetCore.Mvc.Formatters.Json.Internal.JsonResultExecutor - Executing JsonResult, writing value Shitou.Framework.Demo.Application.Models.AjaxResult.
2018-12-29 16:01:46,051 [7] INFO  Microsoft.AspNetCore.Mvc.Internal.ControllerActionInvoker - Executed action Shitou.Framework.Demo.Mvc.Controllers.GoodsController.GoodsAdd (Shitou.Framework.Demo.Mvc) in 94.5095ms
2018-12-29 16:01:46,055 [7] INFO  Microsoft.AspNetCore.Hosting.Internal.WebHost - Request finished in 109.343ms 200 application/json; charset=utf-8
2018-12-29 16:01:47,135 [7] INFO  Microsoft.AspNetCore.Hosting.Internal.WebHost - Request starting HTTP/1.1 GET http://localhost:23048/Goods/GoodsList  
2018-12-29 16:01:47,140 [7] INFO  Microsoft.AspNetCore.Authentication.Cookies.CookieAuthenticationHandler - AuthenticationScheme: Cookies was successfully authenticated.
2018-12-29 16:01:47,144 [7] INFO  Microsoft.AspNetCore.Authorization.DefaultAuthorizationService - Authorization was successful for user: admin.
2018-12-29 16:01:47,167 [7] INFO  Shitou.Framework.Demo.Application.Filter.GlobalActionFilterAttribute - Request Start->RequestPath:Goods/GoodsList,ActionArguments:{"request":{"GoodsName":null,"GoodsTypeID":null,"PageSize":8,"PageIndex":1,"OrderBy":null}}
2018-12-29 16:01:47,172 [7] INFO  Microsoft.AspNetCore.Mvc.Internal.ControllerActionInvoker - Executing action method Shitou.Framework.Demo.Mvc.Controllers.GoodsController.GoodsList (Shitou.Framework.Demo.Mvc) with arguments (Shitou.Framework.Demo.DataContract.Request.GetGoodsListRequest) - ModelState is Valid
2018-12-29 16:01:47,238 [7] INFO  Shitou.Framework.Demo.Application.Filter.GlobalActionFilterAttribute - Request End->RequestPath:Goods/GoodsList,Response:{"StatusCode":null,"ViewName":null,"Model":[{"GoodsTypeName":"衬衫","ID":"20181229160146011186","GoodsName":"测试商品","GoodsTypeID":"20181226165750447340","OriginalPrice":100.00,"PresentPrice":80.00,"CouponPrice":20.0,"SummaryText":"777777","Description":null,"Password":"￥fhfh878kjhfdf￥","ImageUrl":"/upload/Goods/ae3b4cf2-ab0c-4814-82be-b78a4eb982c3.jpg","PlatformType":0,"IsDelete":false,"CreateBy":"20180615174009124552","CreateTime":"2018-12-29T16:01:46"}],"ViewData":{"GoodsType":[{"Disabled":false,"Group":null,"Selected":false,"Text":"男装","Value":"20181226165719304655"},{"Disabled":false,"Group":null,"Selected":false,"Text":"|---衬衫","Value":"20181226165750447340"},{"Disabled":false,"Group":null,"Selected":false,"Text":"|---裤子","Value":"20181226165804155353"},{"Disabled":false,"Group":null,"Selected":false,"Text":"女装","Value":"20181226165729228519"}]},"TempData":{},"ViewEngine":null,"ContentType":null}
2018-12-29 16:01:47,261 [7] INFO  Microsoft.AspNetCore.Mvc.ViewFeatures.Internal.ViewResultExecutor - Executing ViewResult, running view at path /Views/Goods/GoodsList.cshtml.
2018-12-29 16:01:47,278 [7] INFO  Microsoft.AspNetCore.Mvc.Internal.ControllerActionInvoker - Executed action Shitou.Framework.Demo.Mvc.Controllers.GoodsController.GoodsList (Shitou.Framework.Demo.Mvc) in 128.8617ms
2018-12-29 16:01:47,291 [7] INFO  Microsoft.AspNetCore.Hosting.Internal.WebHost - Request finished in 173.0882ms 200 text/html; charset=utf-8
2018-12-29 16:01:47,326 [41] INFO  Microsoft.AspNetCore.Hosting.Internal.WebHost - Request starting HTTP/1.1 GET http://localhost:23048/lib/layui/css/layui.css  
2018-12-29 16:01:47,359 [19] INFO  Microsoft.AspNetCore.Hosting.Internal.WebHost - Request starting HTTP/1.1 GET http://localhost:23048/lib/jquery/jquery-1.10.2.min.js  
2018-12-29 16:01:47,388 [42] INFO  Microsoft.AspNetCore.Hosting.Internal.WebHost - Request starting HTTP/1.1 GET http://localhost:23048/lib/jquery/jquery.unobtrusive-ajax.min.js  
2018-12-29 16:01:47,417 [43] INFO  Microsoft.AspNetCore.Hosting.Internal.WebHost - Request starting HTTP/1.1 GET http://localhost:23048/js/common.js  
2018-12-29 16:01:47,424 [42] INFO  Microsoft.AspNetCore.StaticFiles.StaticFileMiddleware - The file /lib/jquery/jquery.unobtrusive-ajax.min.js was not modified
2018-12-29 16:01:47,444 [43] INFO  Microsoft.AspNetCore.StaticFiles.StaticFileMiddleware - The file /js/common.js was not modified
2018-12-29 16:01:47,449 [41] INFO  Microsoft.AspNetCore.StaticFiles.StaticFileMiddleware - Sending file. Request path: '/lib/layui/css/layui.css'. Physical path: 'E:\test-demo\Shitou.Framework4Core\samples\Shitou.Framework.MvcDemo\wwwroot\lib\layui\css\layui.css'
2018-12-29 16:01:47,457 [19] INFO  Microsoft.AspNetCore.StaticFiles.StaticFileMiddleware - The file /lib/jquery/jquery-1.10.2.min.js was not modified
2018-12-29 16:01:47,483 [44] INFO  Microsoft.AspNetCore.Hosting.Internal.WebHost - Request starting HTTP/1.1 GET http://localhost:23048/lib/layui/layui.js  
2018-12-29 16:01:47,541 [44] INFO  Microsoft.AspNetCore.StaticFiles.StaticFileMiddleware - The file /lib/layui/layui.js was not modified
2018-12-29 16:01:47,555 [41] INFO  Microsoft.AspNetCore.Hosting.Internal.WebHost - Request finished in 201.8058ms 200 text/css
2018-12-29 16:01:47,559 [43] INFO  Microsoft.AspNetCore.Hosting.Internal.WebHost - Request finished in 113.9382ms 304 application/javascript
2018-12-29 16:01:47,585 [44] INFO  Microsoft.AspNetCore.Hosting.Internal.WebHost - Request finished in 125.9451ms 304 application/javascript
2018-12-29 16:01:47,598 [7] INFO  Microsoft.AspNetCore.Hosting.Internal.WebHost - Request starting HTTP/1.1 GET http://localhost:23048/css/main.css  
2018-12-29 16:01:47,610 [42] INFO  Microsoft.AspNetCore.Hosting.Internal.WebHost - Request finished in 156.3034ms 304 application/javascript
2018-12-29 16:01:47,689 [19] INFO  Microsoft.AspNetCore.Hosting.Internal.WebHost - Request finished in 261.6755ms 304 application/javascript
2018-12-29 16:01:47,711 [7] INFO  Microsoft.AspNetCore.StaticFiles.StaticFileMiddleware - Sending file. Request path: '/css/main.css'. Physical path: 'E:\test-demo\Shitou.Framework4Core\samples\Shitou.Framework.MvcDemo\wwwroot\css\main.css'
2018-12-29 16:01:47,755 [19] INFO  Microsoft.AspNetCore.Hosting.Internal.WebHost - Request finished in 422.1437ms 200 text/css
2018-12-29 16:01:47,770 [7] INFO  Microsoft.AspNetCore.Hosting.Internal.WebHost - Request starting HTTP/1.1 GET http://localhost:23048/lib/layui/lay/modules/form.js  
2018-12-29 16:01:47,796 [7] INFO  Microsoft.AspNetCore.StaticFiles.StaticFileMiddleware - The file /lib/layui/lay/modules/form.js was not modified
2018-12-29 16:01:47,823 [7] INFO  Microsoft.AspNetCore.Hosting.Internal.WebHost - Request finished in 30.6739ms 304 application/javascript
2018-12-29 16:01:47,867 [19] INFO  Microsoft.AspNetCore.Hosting.Internal.WebHost - Request starting HTTP/1.1 GET http://localhost:23048/lib/layui/lay/modules/layer.js  
2018-12-29 16:01:47,893 [19] INFO  Microsoft.AspNetCore.StaticFiles.StaticFileMiddleware - The file /lib/layui/lay/modules/layer.js was not modified
2018-12-29 16:01:47,898 [19] INFO  Microsoft.AspNetCore.Hosting.Internal.WebHost - Request finished in 73.9918ms 304 application/javascript
2018-12-29 16:01:47,908 [7] INFO  Microsoft.AspNetCore.Hosting.Internal.WebHost - Request starting HTTP/1.1 GET http://localhost:23048/lib/layui/css/modules/layer/default/layer.css?v=3.1.1  
2018-12-29 16:01:47,920 [7] INFO  Microsoft.AspNetCore.StaticFiles.StaticFileMiddleware - Sending file. Request path: '/lib/layui/css/modules/layer/default/layer.css'. Physical path: 'E:\test-demo\Shitou.Framework4Core\samples\Shitou.Framework.MvcDemo\wwwroot\lib\layui\css\modules\layer\default\layer.css'
2018-12-29 16:01:47,928 [19] INFO  Microsoft.AspNetCore.Hosting.Internal.WebHost - Request finished in 18.0989ms 200 text/css
2018-12-29 16:03:36,294 [19] INFO  Microsoft.AspNetCore.Hosting.Internal.WebHost - Request starting HTTP/1.1 GET http://localhost:23048/Goods/GoodsAdd/20181229160146011186  
2018-12-29 16:03:36,317 [7] INFO  Microsoft.AspNetCore.Hosting.Internal.WebHost - Request starting HTTP/1.1 GET http://localhost:23048/lib/layui/css/modules/layer/default/icon.png  
2018-12-29 16:03:36,339 [48] INFO  Microsoft.AspNetCore.Hosting.Internal.WebHost - Request starting HTTP/1.1 GET http://localhost:23048/lib/layui/css/modules/layer/default/loading-1.gif  
2018-12-29 16:03:36,406 [19] INFO  Microsoft.AspNetCore.Authentication.Cookies.CookieAuthenticationHandler - AuthenticationScheme: Cookies was successfully authenticated.
2018-12-29 16:03:36,460 [7] INFO  Microsoft.AspNetCore.StaticFiles.StaticFileMiddleware - Sending file. Request path: '/lib/layui/css/modules/layer/default/icon.png'. Physical path: 'E:\test-demo\Shitou.Framework4Core\samples\Shitou.Framework.MvcDemo\wwwroot\lib\layui\css\modules\layer\default\icon.png'
2018-12-29 16:03:36,496 [19] INFO  Microsoft.AspNetCore.Authorization.DefaultAuthorizationService - Authorization was successful for user: admin.
2018-12-29 16:03:36,521 [7] INFO  Microsoft.AspNetCore.Hosting.Internal.WebHost - Request finished in 200.5724ms 200 image/png
2018-12-29 16:03:36,566 [19] INFO  Shitou.Framework.Demo.Application.Filter.GlobalActionFilterAttribute - Request Start->RequestPath:Goods/GoodsAdd,ActionArguments:{"id":"20181229160146011186"}
2018-12-29 16:03:36,591 [48] INFO  Microsoft.AspNetCore.StaticFiles.StaticFileMiddleware - Sending file. Request path: '/lib/layui/css/modules/layer/default/loading-1.gif'. Physical path: 'E:\test-demo\Shitou.Framework4Core\samples\Shitou.Framework.MvcDemo\wwwroot\lib\layui\css\modules\layer\default\loading-1.gif'
2018-12-29 16:03:36,617 [19] INFO  Microsoft.AspNetCore.Mvc.Internal.ControllerActionInvoker - Executing action method Shitou.Framework.Demo.Mvc.Controllers.GoodsController.GoodsAdd (Shitou.Framework.Demo.Mvc) with arguments (20181229160146011186) - ModelState is Valid
2018-12-29 16:03:36,624 [7] INFO  Microsoft.AspNetCore.Hosting.Internal.WebHost - Request finished in 327.502ms 200 image/gif
2018-12-29 16:03:36,673 [19] INFO  Shitou.Framework.Demo.Application.Filter.GlobalActionFilterAttribute - Request End->RequestPath:Goods/GoodsAdd,Response:{"StatusCode":null,"ViewName":null,"Model":{"ID":"20181229160146011186","GoodsName":"测试商品","GoodsTypeID":"20181226165750447340","OriginalPrice":100.00,"PresentPrice":80.00,"CouponPrice":20.0,"SummaryText":"777777","Description":null,"Password":"￥fhfh878kjhfdf￥","ImageUrl":"/upload/Goods/ae3b4cf2-ab0c-4814-82be-b78a4eb982c3.jpg","PlatformType":0,"IsDelete":false,"CreateBy":"20180615174009124552","CreateTime":"2018-12-29T16:01:46"},"ViewData":{"GoodsType":[{"Disabled":false,"Group":null,"Selected":false,"Text":"男装","Value":"20181226165719304655"},{"Disabled":false,"Group":null,"Selected":false,"Text":"|---衬衫","Value":"20181226165750447340"},{"Disabled":false,"Group":null,"Selected":false,"Text":"|---裤子","Value":"20181226165804155353"},{"Disabled":false,"Group":null,"Selected":false,"Text":"女装","Value":"20181226165729228519"}]},"TempData":{},"ViewEngine":null,"ContentType":null}
2018-12-29 16:03:36,679 [19] INFO  Microsoft.AspNetCore.Mvc.ViewFeatures.Internal.ViewResultExecutor - Executing ViewResult, running view at path /Views/Goods/GoodsAdd.cshtml.
2018-12-29 16:03:36,686 [19] INFO  Microsoft.AspNetCore.Mvc.Internal.ControllerActionInvoker - Executed action Shitou.Framework.Demo.Mvc.Controllers.GoodsController.GoodsAdd (Shitou.Framework.Demo.Mvc) in 246.7265ms
2018-12-29 16:03:36,710 [19] INFO  Microsoft.AspNetCore.Hosting.Internal.WebHost - Request finished in 441.2946ms 200 text/html; charset=utf-8
2018-12-29 16:03:36,735 [7] INFO  Microsoft.AspNetCore.Hosting.Internal.WebHost - Request starting HTTP/1.1 GET http://localhost:23048/upload/Goods/ae3b4cf2-ab0c-4814-82be-b78a4eb982c3.jpg  
2018-12-29 16:03:36,764 [7] INFO  Microsoft.AspNetCore.StaticFiles.StaticFileMiddleware - Sending file. Request path: '/Goods/ae3b4cf2-ab0c-4814-82be-b78a4eb982c3.jpg'. Physical path: 'E:\test-demo\Shitou.Framework4Core\samples\Shitou.Framework.MvcDemo\Upload\Goods\ae3b4cf2-ab0c-4814-82be-b78a4eb982c3.jpg'
2018-12-29 16:03:36,778 [45] INFO  Microsoft.AspNetCore.Hosting.Internal.WebHost - Request finished in 62.9033ms 200 image/jpeg
