2018-08-02 10:09:02,895 [1] INFO  Microsoft.AspNetCore.DataProtection.KeyManagement.XmlKeyManager - User profile is available. Using 'C:\Users\PC\AppData\Local\ASP.NET\DataProtection-Keys' as key repository and Windows DPAPI to encrypt keys at rest.
2018-08-02 10:09:03,519 [6] INFO  Microsoft.AspNetCore.Hosting.Internal.WebHost - Request starting HTTP/1.1 GET http://localhost:23048/  
2018-08-02 10:09:03,522 [7] INFO  Microsoft.AspNetCore.Hosting.Internal.WebHost - Request starting HTTP/1.1 DEBUG http://localhost:23048/  0
2018-08-02 10:09:03,624 [7] INFO  Microsoft.AspNetCore.Hosting.Internal.WebHost - Request finished in 122.8075ms 200 
2018-08-02 10:11:26,883 [1] INFO  Microsoft.AspNetCore.DataProtection.KeyManagement.XmlKeyManager - User profile is available. Using 'C:\Users\PC\AppData\Local\ASP.NET\DataProtection-Keys' as key repository and Windows DPAPI to encrypt keys at rest.
2018-08-02 10:11:27,186 [12] INFO  Microsoft.AspNetCore.Hosting.Internal.WebHost - Request starting HTTP/1.1 GET http://localhost:23048/favicon.ico  
2018-08-02 10:11:27,234 [12] INFO  Microsoft.AspNetCore.StaticFiles.StaticFileMiddleware - Sending file. Request path: '/favicon.ico'. Physical path: 'E:\test-demo\Fxt-Framework\samples\Fxt.Framework.MvcDemo\wwwroot\favicon.ico'
2018-08-02 10:11:27,267 [11] INFO  Microsoft.AspNetCore.Hosting.Internal.WebHost - Request finished in 86.3239ms 200 image/x-icon
2018-08-02 10:19:39,283 [1] INFO  Microsoft.AspNetCore.DataProtection.KeyManagement.XmlKeyManager - User profile is available. Using 'C:\Users\PC\AppData\Local\ASP.NET\DataProtection-Keys' as key repository and Windows DPAPI to encrypt keys at rest.
2018-08-02 10:19:39,756 [7] INFO  Microsoft.AspNetCore.Hosting.Internal.WebHost - Request starting HTTP/1.1 GET http://localhost:23048/  
2018-08-02 10:19:39,757 [6] INFO  Microsoft.AspNetCore.Hosting.Internal.WebHost - Request starting HTTP/1.1 DEBUG http://localhost:23048/  0
2018-08-02 10:19:39,874 [6] INFO  Microsoft.AspNetCore.Hosting.Internal.WebHost - Request finished in 120.1065ms 200 
2018-08-02 10:19:40,172 [7] INFO  Microsoft.AspNetCore.Authorization.DefaultAuthorizationService - Authorization failed for user: (null).
2018-08-02 10:19:40,178 [7] INFO  Microsoft.AspNetCore.Mvc.Internal.ControllerActionInvoker - Authorization failed for the request at filter 'Microsoft.AspNetCore.Mvc.Authorization.AuthorizeFilter'.
2018-08-02 10:19:40,184 [7] INFO  Microsoft.AspNetCore.Mvc.ChallengeResult - Executing ChallengeResult with authentication schemes ().
2018-08-02 10:19:40,221 [7] INFO  Microsoft.AspNetCore.Authentication.Cookies.CookieAuthenticationHandler - AuthenticationScheme: Cookies was challenged.
2018-08-02 10:19:40,232 [7] INFO  Microsoft.AspNetCore.Mvc.Internal.ControllerActionInvoker - Executed action Fxt.Framework.Demo.Mvc.Controllers.HomeController.Index (Fxt.Framework.Demo.Mvc) in 81.7015ms
2018-08-02 10:19:40,247 [7] INFO  Microsoft.AspNetCore.Hosting.Internal.WebHost - Request finished in 520.6709ms 302 
2018-08-02 10:19:40,275 [6] INFO  Microsoft.AspNetCore.Hosting.Internal.WebHost - Request starting HTTP/1.1 GET http://localhost:23048/Login?ReturnUrl=%2F  
2018-08-02 10:19:40,421 [6] INFO  Fxt.Framework.Demo.Application.Filter.GlobalActionFilterAttribute - Request Start->RequestPath:Login/Index,ActionArguments:{}
2018-08-02 10:19:40,451 [6] INFO  Microsoft.AspNetCore.Mvc.Internal.ControllerActionInvoker - Executing action method Fxt.Framework.Demo.Mvc.Controllers.LoginController.Index (Fxt.Framework.Demo.Mvc) with arguments () - ModelState is Valid
2018-08-02 10:19:40,498 [6] INFO  Microsoft.AspNetCore.Authentication.Cookies.CookieAuthenticationHandler - AuthenticationScheme: Cookies signed out.
2018-08-02 10:19:40,559 [6] INFO  Fxt.Framework.Demo.Application.Filter.GlobalActionFilterAttribute - Request End->RequestPath:Login/Index,Response:{"StatusCode":null,"ViewName":null,"Model":null,"ViewData":{},"TempData":{},"ViewEngine":null,"ContentType":null}
2018-08-02 10:19:43,192 [6] INFO  Microsoft.AspNetCore.Mvc.ViewFeatures.Internal.ViewResultExecutor - Executing ViewResult, running view at path /Views/Login/Index.cshtml.
2018-08-02 10:19:43,571 [6] INFO  Microsoft.AspNetCore.Mvc.Internal.ControllerActionInvoker - Executed action Fxt.Framework.Demo.Mvc.Controllers.LoginController.Index (Fxt.Framework.Demo.Mvc) in 3247.5996ms
2018-08-02 10:19:43,603 [6] INFO  Microsoft.AspNetCore.Hosting.Internal.WebHost - Request finished in 3339.2598ms 200 text/html; charset=utf-8
2018-08-02 10:19:43,613 [12] INFO  Microsoft.AspNetCore.Hosting.Internal.WebHost - Request starting HTTP/1.1 GET http://localhost:23048/js/login.js  
2018-08-02 10:19:43,656 [6] INFO  Microsoft.AspNetCore.Hosting.Internal.WebHost - Request starting HTTP/1.1 GET http://localhost:23048/js/common.js  
2018-08-02 10:19:43,691 [12] INFO  Microsoft.AspNetCore.StaticFiles.StaticFileMiddleware - Sending file. Request path: '/js/login.js'. Physical path: 'E:\test-demo\Fxt-Framework\samples\Fxt.Framework.MvcDemo\wwwroot\js\login.js'
2018-08-02 10:19:43,696 [6] INFO  Microsoft.AspNetCore.StaticFiles.StaticFileMiddleware - The file /js/common.js was not modified
2018-08-02 10:19:43,727 [6] INFO  Microsoft.AspNetCore.Hosting.Internal.WebHost - Request finished in 65.8778ms 304 application/javascript
2018-08-02 10:19:43,762 [12] INFO  Microsoft.AspNetCore.Hosting.Internal.WebHost - Request finished in 140.192ms 200 application/javascript
2018-08-02 10:19:43,782 [11] INFO  Microsoft.AspNetCore.Hosting.Internal.WebHost - Request starting HTTP/1.1 GET http://localhost:23048/lib/layui/css/modules/layer/default/layer.css?v=3.1.1  
2018-08-02 10:19:43,811 [11] INFO  Microsoft.AspNetCore.StaticFiles.StaticFileMiddleware - Sending file. Request path: '/lib/layui/css/modules/layer/default/layer.css'. Physical path: 'E:\test-demo\Fxt-Framework\samples\Fxt.Framework.MvcDemo\wwwroot\lib\layui\css\modules\layer\default\layer.css'
2018-08-02 10:19:43,821 [11] INFO  Microsoft.AspNetCore.Session.SessionMiddleware - Committing the session was canceled.
2018-08-02 10:19:43,827 [11] INFO  Microsoft.AspNetCore.Hosting.Internal.WebHost - Request finished in 46.6496ms 0 text/css
2018-08-02 10:19:45,104 [6] INFO  Microsoft.AspNetCore.Hosting.Internal.WebHost - Request starting HTTP/1.1 POST http://localhost:23048/Login/Index application/x-www-form-urlencoded; charset=UTF-8 254
2018-08-02 10:19:45,204 [6] INFO  Fxt.Framework.Demo.Application.Filter.GlobalActionFilterAttribute - Request Start->RequestPath:Login/Index,ActionArguments:{"request":{"UserName":"admin","Password":"123"}}
2018-08-02 10:19:45,228 [6] INFO  Microsoft.AspNetCore.Mvc.Internal.ControllerActionInvoker - Executing action method Fxt.Framework.Demo.Mvc.Controllers.LoginController.Index (Fxt.Framework.Demo.Mvc) with arguments (Fxt.Framework.Demo.DataContract.Request.UserLoginRequest) - ModelState is Valid
2018-08-02 10:19:45,815 [6] INFO  Microsoft.AspNetCore.Authentication.Cookies.CookieAuthenticationHandler - AuthenticationScheme: Cookies signed in.
2018-08-02 10:19:45,847 [6] INFO  Fxt.Framework.Demo.Application.Filter.GlobalActionFilterAttribute - Request End->RequestPath:Login/Index,Response:{"ContentType":null,"SerializerSettings":null,"StatusCode":null,"Value":{"IsOk":true,"Msg":"登录成功！","Data":null}}
2018-08-02 10:19:45,874 [6] INFO  Microsoft.AspNetCore.Mvc.Formatters.Json.Internal.JsonResultExecutor - Executing JsonResult, writing value Fxt.Framework.Demo.Application.Models.AjaxResult.
2018-08-02 10:19:45,902 [6] INFO  Microsoft.AspNetCore.Mvc.Internal.ControllerActionInvoker - Executed action Fxt.Framework.Demo.Mvc.Controllers.LoginController.Index (Fxt.Framework.Demo.Mvc) in 747.8732ms
2018-08-02 10:19:45,914 [6] INFO  Microsoft.AspNetCore.Hosting.Internal.WebHost - Request finished in 807.5638ms 200 application/json; charset=utf-8
2018-08-02 10:19:45,921 [6] INFO  Microsoft.AspNetCore.Hosting.Internal.WebHost - Request starting HTTP/1.1 GET http://localhost:23048/Home  
2018-08-02 10:19:45,944 [6] INFO  Microsoft.AspNetCore.Authentication.Cookies.CookieAuthenticationHandler - AuthenticationScheme: Cookies was successfully authenticated.
2018-08-02 10:19:45,950 [6] INFO  Microsoft.AspNetCore.Authorization.DefaultAuthorizationService - Authorization was successful for user: admin.
2018-08-02 10:19:45,954 [6] INFO  Fxt.Framework.Demo.Application.Filter.GlobalActionFilterAttribute - Request Start->RequestPath:Home/Index,ActionArguments:{}
2018-08-02 10:19:45,960 [6] INFO  Microsoft.AspNetCore.Mvc.Internal.ControllerActionInvoker - Executing action method Fxt.Framework.Demo.Mvc.Controllers.HomeController.Index (Fxt.Framework.Demo.Mvc) with arguments ((null)) - ModelState is Valid
2018-08-02 10:19:46,037 [6] INFO  Fxt.Framework.Demo.Application.Filter.GlobalActionFilterAttribute - Request End->RequestPath:Home/Index,Response:{"StatusCode":null,"ViewName":null,"Model":null,"ViewData":{"RealName":"超级管理员","UserID":"20180615174009124552","MenuList":"<li class=\"layui-nav-item layui-nav-itemed\"><a class=\"\" href=\"javascript:; \"><i class=\"layui-icon layui-icon-chuangkou\"></i>&nbsp;&nbsp;系统管理</a><dl class=\"layui-nav-child\"><dd><a href = \"javascript:;\" lay-id=\"20180619153350134152\" lay-url=\"/System/UserList\">用户列表</a></dd><dd><a href = \"javascript:;\" lay-id=\"20180619153458426296\" lay-url=\"/System/RoleList\">角色列表</a></dd><dd><a href = \"javascript:;\" lay-id=\"20180626140518168464\" lay-url=\"/System/AuthList\">权限列表</a></dd><dd><a href = \"javascript:;\" lay-id=\"20180725095722592140\" lay-url=\"/Image/Index\">上传控件</a></dd></dl></li><li class=\"layui-nav-item\"><a class=\"\" href=\"javascript:; \"><i class=\"layui-icon layui-icon-chuangkou\"></i>&nbsp;&nbsp;表单模板</a><dl class=\"layui-nav-child\"><dd><a href = \"javascript:;\" lay-id=\"20180731141217864152\" lay-url=\"/Template/TableTemplateList\">模板列表</a></dd></dl></li>"},"TempData":{},"ViewEngine":null,"ContentType":null}
2018-08-02 10:19:46,172 [6] INFO  Microsoft.AspNetCore.Mvc.ViewFeatures.Internal.ViewResultExecutor - Executing ViewResult, running view at path /Views/Home/Index.cshtml.
2018-08-02 10:19:46,204 [6] INFO  Microsoft.AspNetCore.Mvc.Internal.ControllerActionInvoker - Executed action Fxt.Framework.Demo.Mvc.Controllers.HomeController.Index (Fxt.Framework.Demo.Mvc) in 250.064ms
2018-08-02 10:19:46,211 [6] INFO  Microsoft.AspNetCore.Hosting.Internal.WebHost - Request finished in 288.4889ms 200 text/html; charset=utf-8
2018-08-02 10:19:46,253 [11] INFO  Microsoft.AspNetCore.Hosting.Internal.WebHost - Request starting HTTP/1.1 GET http://localhost:23048/js/index.js  
2018-08-02 10:19:46,259 [6] INFO  Microsoft.AspNetCore.Hosting.Internal.WebHost - Request starting HTTP/1.1 GET http://localhost:23048/Home/Welcome  
2018-08-02 10:19:46,283 [6] INFO  Microsoft.AspNetCore.Authentication.Cookies.CookieAuthenticationHandler - AuthenticationScheme: Cookies was successfully authenticated.
2018-08-02 10:19:46,306 [11] INFO  Microsoft.AspNetCore.StaticFiles.StaticFileMiddleware - The file /js/index.js was not modified
2018-08-02 10:19:46,333 [6] INFO  Microsoft.AspNetCore.Authorization.DefaultAuthorizationService - Authorization was successful for user: admin.
2018-08-02 10:19:46,344 [6] INFO  Fxt.Framework.Demo.Application.Filter.GlobalActionFilterAttribute - Request Start->RequestPath:Home/Welcome,ActionArguments:{}
2018-08-02 10:19:46,346 [11] INFO  Microsoft.AspNetCore.Hosting.Internal.WebHost - Request finished in 78.8139ms 304 application/javascript
2018-08-02 10:19:46,391 [6] INFO  Microsoft.AspNetCore.Mvc.Internal.ControllerActionInvoker - Executing action method Fxt.Framework.Demo.Mvc.Controllers.HomeController.Welcome (Fxt.Framework.Demo.Mvc) with arguments ((null)) - ModelState is Valid
2018-08-02 10:19:46,416 [6] INFO  Fxt.Framework.Demo.Application.Filter.GlobalActionFilterAttribute - Request End->RequestPath:Home/Welcome,Response:{"StatusCode":null,"ViewName":null,"Model":null,"ViewData":{},"TempData":{},"ViewEngine":null,"ContentType":null}
2018-08-02 10:19:46,558 [6] INFO  Microsoft.AspNetCore.Mvc.ViewFeatures.Internal.ViewResultExecutor - Executing ViewResult, running view at path /Views/Home/Welcome.cshtml.
2018-08-02 10:19:46,592 [6] INFO  Microsoft.AspNetCore.Mvc.Internal.ControllerActionInvoker - Executed action Fxt.Framework.Demo.Mvc.Controllers.HomeController.Welcome (Fxt.Framework.Demo.Mvc) in 260.3656ms
2018-08-02 10:19:46,602 [6] INFO  Microsoft.AspNetCore.Hosting.Internal.WebHost - Request finished in 340.7667ms 200 text/html; charset=utf-8
2018-08-02 10:19:47,829 [12] INFO  Microsoft.AspNetCore.Hosting.Internal.WebHost - Request starting HTTP/1.1 GET http://localhost:23048/System/RoleList  
2018-08-02 10:19:47,848 [12] INFO  Microsoft.AspNetCore.Authentication.Cookies.CookieAuthenticationHandler - AuthenticationScheme: Cookies was successfully authenticated.
2018-08-02 10:19:47,876 [12] INFO  Microsoft.AspNetCore.Authorization.DefaultAuthorizationService - Authorization was successful for user: admin.
2018-08-02 10:19:48,098 [12] INFO  Fxt.Framework.Demo.Application.Filter.GlobalActionFilterAttribute - Request Start->RequestPath:System/RoleList,ActionArguments:{"request":{"RoleName":null,"PageSize":8,"PageIndex":1,"OrderBy":null}}
2018-08-02 10:19:48,103 [12] INFO  Microsoft.AspNetCore.Mvc.Internal.ControllerActionInvoker - Executing action method Fxt.Framework.Demo.Mvc.Controllers.SystemController.RoleList (Fxt.Framework.Demo.Mvc) with arguments (Fxt.Framework.Demo.DataContract.Request.GetRoleListRequest) - ModelState is Valid
2018-08-02 10:19:48,162 [12] INFO  Fxt.Framework.Demo.Application.Filter.GlobalActionFilterAttribute - Request End->RequestPath:System/RoleList,Response:{"StatusCode":null,"ViewName":null,"Model":[{"CreateUser":"超级管理员","ID":"20180720153833028237","RoleName":"test002","Description":null,"CreateBy":"20180615174009124552","CreateTime":"2018-07-20T15:38:33"},{"CreateUser":"超级管理员","ID":"20180720151434255807","RoleName":"test001","Description":"test001","CreateBy":"20180615174009124552","CreateTime":"2018-07-20T15:14:34"}],"ViewData":{},"TempData":{},"ViewEngine":null,"ContentType":null}
2018-08-02 10:19:48,541 [12] INFO  Microsoft.AspNetCore.Mvc.ViewFeatures.Internal.ViewResultExecutor - Executing ViewResult, running view at path /Views/System/RoleList.cshtml.
2018-08-02 10:19:48,736 [12] INFO  Microsoft.AspNetCore.Mvc.Internal.ControllerActionInvoker - Executed action Fxt.Framework.Demo.Mvc.Controllers.SystemController.RoleList (Fxt.Framework.Demo.Mvc) in 878.83ms
2018-08-02 10:19:48,791 [12] INFO  Microsoft.AspNetCore.Hosting.Internal.WebHost - Request finished in 933.5557ms 200 text/html; charset=utf-8
2018-08-02 10:19:49,554 [6] INFO  Microsoft.AspNetCore.Hosting.Internal.WebHost - Request starting HTTP/1.1 GET http://localhost:23048/System/AuthList  
2018-08-02 10:19:49,574 [6] INFO  Microsoft.AspNetCore.Authentication.Cookies.CookieAuthenticationHandler - AuthenticationScheme: Cookies was successfully authenticated.
2018-08-02 10:19:49,599 [6] INFO  Microsoft.AspNetCore.Authorization.DefaultAuthorizationService - Authorization was successful for user: admin.
2018-08-02 10:19:49,623 [6] INFO  Fxt.Framework.Demo.Application.Filter.GlobalActionFilterAttribute - Request Start->RequestPath:System/AuthList,ActionArguments:{}
2018-08-02 10:19:49,647 [6] INFO  Microsoft.AspNetCore.Mvc.Internal.ControllerActionInvoker - Executing action method Fxt.Framework.Demo.Mvc.Controllers.SystemController.AuthList (Fxt.Framework.Demo.Mvc) with arguments ((null)) - ModelState is Valid
2018-08-02 10:19:49,684 [6] INFO  Fxt.Framework.Demo.Application.Filter.GlobalActionFilterAttribute - Request End->RequestPath:System/AuthList,Response:{"StatusCode":null,"ViewName":null,"Model":[{"ID":"20180619153350124756","AuthType":1,"AuthName":"系统管理","AuthCode":"SystemManager","ParentID":"0","Url":"","Sort":1,"IconClass":"layui-icon-chuangkou"},{"ID":"20180619153350134152","AuthType":2,"AuthName":"|----用户列表","AuthCode":"System.UserList","ParentID":"20180619153350124756","Url":"/System/UserList","Sort":1,"IconClass":null},{"ID":"20180626140143915604","AuthType":3,"AuthName":"&nbsp;&nbsp;&nbsp;&nbsp;&nbsp;&nbsp;&nbsp;|----添加/编辑用户","AuthCode":"System.UserAdd","ParentID":"20180619153350134152","Url":"/System/UserAdd","Sort":0,"IconClass":null},{"ID":"20180626140518181746","AuthType":3,"AuthName":"&nbsp;&nbsp;&nbsp;&nbsp;&nbsp;&nbsp;&nbsp;|----删除用户","AuthCode":"System.UserDelete","ParentID":"20180619153350134152","Url":"/System/UserDelete","Sort":0,"IconClass":""},{"ID":"20180724094025653701","AuthType":3,"AuthName":"&nbsp;&nbsp;&nbsp;&nbsp;&nbsp;&nbsp;&nbsp;|----修改密码","AuthCode":"System.UserPwd","ParentID":"20180619153350134152","Url":"/System/UserPwd","Sort":3,"IconClass":null},{"ID":"20180619153458426296","AuthType":2,"AuthName":"|----角色列表","AuthCode":"System.RoleList","ParentID":"20180619153350124756","Url":"/System/RoleList","Sort":2,"IconClass":null},{"ID":"20180626140518184225","AuthType":3,"AuthName":"&nbsp;&nbsp;&nbsp;&nbsp;&nbsp;&nbsp;&nbsp;|----添加/编辑角色","AuthCode":"System.RoleAdd","ParentID":"20180619153458426296","Url":"/System/RoleAdd","Sort":0,"IconClass":""},{"ID":"20180626140518876456","AuthType":3,"AuthName":"&nbsp;&nbsp;&nbsp;&nbsp;&nbsp;&nbsp;&nbsp;|----删除角色","AuthCode":"System.RoleDelete","ParentID":"20180619153458426296","Url":"/System/RoleDelete","Sort":0,"IconClass":""},{"ID":"20180626140518168464","AuthType":2,"AuthName":"|----权限列表","AuthCode":"System.AuthList","ParentID":"20180619153350124756","Url":"/System/AuthList","Sort":3,"IconClass":""},{"ID":"20180626140518154136","AuthType":3,"AuthName":"&nbsp;&nbsp;&nbsp;&nbsp;&nbsp;&nbsp;&nbsp;|----删除权限","AuthCode":"System.AuthDelete","ParentID":"20180626140518168464","Url":"/System/AuthDelete","Sort":0,"IconClass":""},{"ID":"20180626140518171481","AuthType":3,"AuthName":"&nbsp;&nbsp;&nbsp;&nbsp;&nbsp;&nbsp;&nbsp;|----添加/编辑权限","AuthCode":"System.AuthAdd","ParentID":"20180626140518168464","Url":"/System/AuthAdd","Sort":0,"IconClass":""},{"ID":"20180725095722592140","AuthType":2,"AuthName":"|----上传控件","AuthCode":"Image.Index","ParentID":"20180619153350124756","Url":"/Image/Index","Sort":4,"IconClass":null},{"ID":"20180731141113262551","AuthType":1,"AuthName":"表单模板","AuthCode":"TableTemplateManage","ParentID":"0","Url":null,"Sort":2,"IconClass":"layui-icon-chuangkou"},{"ID":"20180731141217864152","AuthType":2,"AuthName":"|----模板列表","AuthCode":"TableTemplateList","ParentID":"20180731141113262551","Url":"/Template/TableTemplateList","Sort":0,"IconClass":null}],"ViewData":{},"TempData":{},"ViewEngine":null,"ContentType":null}
2018-08-02 10:19:49,806 [6] INFO  Microsoft.AspNetCore.Mvc.ViewFeatures.Internal.ViewResultExecutor - Executing ViewResult, running view at path /Views/System/AuthList.cshtml.
2018-08-02 10:19:49,837 [6] INFO  Microsoft.AspNetCore.Mvc.Internal.ControllerActionInvoker - Executed action Fxt.Framework.Demo.Mvc.Controllers.SystemController.AuthList (Fxt.Framework.Demo.Mvc) in 238.4115ms
2018-08-02 10:19:49,844 [6] INFO  Microsoft.AspNetCore.Hosting.Internal.WebHost - Request finished in 288.0304ms 200 text/html; charset=utf-8
2018-08-02 10:19:51,627 [12] INFO  Microsoft.AspNetCore.Hosting.Internal.WebHost - Request starting HTTP/1.1 GET http://localhost:23048/Login  
2018-08-02 10:19:51,665 [12] INFO  Microsoft.AspNetCore.Authentication.Cookies.CookieAuthenticationHandler - AuthenticationScheme: Cookies was successfully authenticated.
2018-08-02 10:19:51,689 [12] INFO  Fxt.Framework.Demo.Application.Filter.GlobalActionFilterAttribute - Request Start->RequestPath:Login/Index,ActionArguments:{}
2018-08-02 10:19:51,713 [12] INFO  Microsoft.AspNetCore.Mvc.Internal.ControllerActionInvoker - Executing action method Fxt.Framework.Demo.Mvc.Controllers.LoginController.Index (Fxt.Framework.Demo.Mvc) with arguments () - ModelState is Valid
2018-08-02 10:19:51,736 [12] INFO  Microsoft.AspNetCore.Authentication.Cookies.CookieAuthenticationHandler - AuthenticationScheme: Cookies signed out.
2018-08-02 10:19:51,741 [12] INFO  Fxt.Framework.Demo.Application.Filter.GlobalActionFilterAttribute - Request End->RequestPath:Login/Index,Response:{"StatusCode":null,"ViewName":null,"Model":null,"ViewData":{},"TempData":{},"ViewEngine":null,"ContentType":null}
2018-08-02 10:19:51,746 [12] INFO  Microsoft.AspNetCore.Mvc.ViewFeatures.Internal.ViewResultExecutor - Executing ViewResult, running view at path /Views/Login/Index.cshtml.
2018-08-02 10:19:51,752 [12] INFO  Microsoft.AspNetCore.Mvc.Internal.ControllerActionInvoker - Executed action Fxt.Framework.Demo.Mvc.Controllers.LoginController.Index (Fxt.Framework.Demo.Mvc) in 82.4142ms
2018-08-02 10:19:51,763 [12] INFO  Microsoft.AspNetCore.Hosting.Internal.WebHost - Request finished in 129.2877ms 200 text/html; charset=utf-8
2018-08-02 10:19:55,000 [11] INFO  Microsoft.AspNetCore.Hosting.Internal.WebHost - Request starting HTTP/1.1 GET http://localhost:23048/Home  
2018-08-02 10:19:55,037 [11] INFO  Microsoft.AspNetCore.Authorization.DefaultAuthorizationService - Authorization failed for user: (null).
2018-08-02 10:19:55,062 [11] INFO  Microsoft.AspNetCore.Mvc.Internal.ControllerActionInvoker - Authorization failed for the request at filter 'Microsoft.AspNetCore.Mvc.Authorization.AuthorizeFilter'.
2018-08-02 10:19:55,089 [11] INFO  Microsoft.AspNetCore.Mvc.ChallengeResult - Executing ChallengeResult with authentication schemes ().
2018-08-02 10:19:55,113 [11] INFO  Microsoft.AspNetCore.Authentication.Cookies.CookieAuthenticationHandler - AuthenticationScheme: Cookies was challenged.
2018-08-02 10:19:55,137 [11] INFO  Microsoft.AspNetCore.Mvc.Internal.ControllerActionInvoker - Executed action Fxt.Framework.Demo.Mvc.Controllers.HomeController.Index (Fxt.Framework.Demo.Mvc) in 99.9294ms
2018-08-02 10:19:55,144 [11] INFO  Microsoft.AspNetCore.Hosting.Internal.WebHost - Request finished in 161.6654ms 302 
2018-08-02 10:19:55,167 [6] INFO  Microsoft.AspNetCore.Hosting.Internal.WebHost - Request starting HTTP/1.1 GET http://localhost:23048/Login?ReturnUrl=%2FHome  
2018-08-02 10:19:55,204 [6] INFO  Fxt.Framework.Demo.Application.Filter.GlobalActionFilterAttribute - Request Start->RequestPath:Login/Index,ActionArguments:{}
2018-08-02 10:19:55,209 [6] INFO  Microsoft.AspNetCore.Mvc.Internal.ControllerActionInvoker - Executing action method Fxt.Framework.Demo.Mvc.Controllers.LoginController.Index (Fxt.Framework.Demo.Mvc) with arguments () - ModelState is Valid
2018-08-02 10:19:55,212 [6] INFO  Microsoft.AspNetCore.Authentication.Cookies.CookieAuthenticationHandler - AuthenticationScheme: Cookies signed out.
2018-08-02 10:19:55,235 [6] INFO  Fxt.Framework.Demo.Application.Filter.GlobalActionFilterAttribute - Request End->RequestPath:Login/Index,Response:{"StatusCode":null,"ViewName":null,"Model":null,"ViewData":{},"TempData":{},"ViewEngine":null,"ContentType":null}
2018-08-02 10:19:55,258 [6] INFO  Microsoft.AspNetCore.Mvc.ViewFeatures.Internal.ViewResultExecutor - Executing ViewResult, running view at path /Views/Login/Index.cshtml.
2018-08-02 10:19:55,283 [6] INFO  Microsoft.AspNetCore.Mvc.Internal.ControllerActionInvoker - Executed action Fxt.Framework.Demo.Mvc.Controllers.LoginController.Index (Fxt.Framework.Demo.Mvc) in 78.0258ms
2018-08-02 10:19:55,292 [6] INFO  Microsoft.AspNetCore.Hosting.Internal.WebHost - Request finished in 140.5312ms 200 text/html; charset=utf-8
2018-08-02 10:20:00,072 [11] INFO  Microsoft.AspNetCore.Hosting.Internal.WebHost - Request starting HTTP/1.1 POST http://localhost:23048/Login/Index application/x-www-form-urlencoded; charset=UTF-8 254
2018-08-02 10:20:00,108 [11] INFO  Fxt.Framework.Demo.Application.Filter.GlobalActionFilterAttribute - Request Start->RequestPath:Login/Index,ActionArguments:{"request":{"UserName":"admin","Password":"123"}}
2018-08-02 10:20:00,133 [11] INFO  Microsoft.AspNetCore.Mvc.Internal.ControllerActionInvoker - Executing action method Fxt.Framework.Demo.Mvc.Controllers.LoginController.Index (Fxt.Framework.Demo.Mvc) with arguments (Fxt.Framework.Demo.DataContract.Request.UserLoginRequest) - ModelState is Valid
2018-08-02 10:20:00,181 [11] INFO  Microsoft.AspNetCore.Authentication.Cookies.CookieAuthenticationHandler - AuthenticationScheme: Cookies signed in.
2018-08-02 10:20:00,186 [11] INFO  Fxt.Framework.Demo.Application.Filter.GlobalActionFilterAttribute - Request End->RequestPath:Login/Index,Response:{"ContentType":null,"SerializerSettings":null,"StatusCode":null,"Value":{"IsOk":true,"Msg":"登录成功！","Data":null}}
2018-08-02 10:20:00,192 [11] INFO  Microsoft.AspNetCore.Mvc.Formatters.Json.Internal.JsonResultExecutor - Executing JsonResult, writing value Fxt.Framework.Demo.Application.Models.AjaxResult.
2018-08-02 10:20:00,199 [11] INFO  Microsoft.AspNetCore.Mvc.Internal.ControllerActionInvoker - Executed action Fxt.Framework.Demo.Mvc.Controllers.LoginController.Index (Fxt.Framework.Demo.Mvc) in 108.5634ms
2018-08-02 10:20:00,208 [11] INFO  Microsoft.AspNetCore.Hosting.Internal.WebHost - Request finished in 150.5988ms 200 application/json; charset=utf-8
2018-08-02 10:20:00,234 [6] INFO  Microsoft.AspNetCore.Hosting.Internal.WebHost - Request starting HTTP/1.1 GET http://localhost:23048/Home  
2018-08-02 10:20:00,268 [6] INFO  Microsoft.AspNetCore.Authentication.Cookies.CookieAuthenticationHandler - AuthenticationScheme: Cookies was successfully authenticated.
2018-08-02 10:20:00,292 [6] INFO  Microsoft.AspNetCore.Authorization.DefaultAuthorizationService - Authorization was successful for user: admin.
2018-08-02 10:20:00,315 [6] INFO  Fxt.Framework.Demo.Application.Filter.GlobalActionFilterAttribute - Request Start->RequestPath:Home/Index,ActionArguments:{}
2018-08-02 10:20:00,319 [6] INFO  Microsoft.AspNetCore.Mvc.Internal.ControllerActionInvoker - Executing action method Fxt.Framework.Demo.Mvc.Controllers.HomeController.Index (Fxt.Framework.Demo.Mvc) with arguments ((null)) - ModelState is Valid
2018-08-02 10:20:00,325 [6] INFO  Fxt.Framework.Demo.Application.Filter.GlobalActionFilterAttribute - Request End->RequestPath:Home/Index,Response:{"StatusCode":null,"ViewName":null,"Model":null,"ViewData":{"RealName":"超级管理员","UserID":"20180615174009124552","MenuList":"<li class=\"layui-nav-item layui-nav-itemed\"><a class=\"\" href=\"javascript:; \"><i class=\"layui-icon layui-icon-chuangkou\"></i>&nbsp;&nbsp;系统管理</a><dl class=\"layui-nav-child\"><dd><a href = \"javascript:;\" lay-id=\"20180619153350134152\" lay-url=\"/System/UserList\">用户列表</a></dd><dd><a href = \"javascript:;\" lay-id=\"20180619153458426296\" lay-url=\"/System/RoleList\">角色列表</a></dd><dd><a href = \"javascript:;\" lay-id=\"20180626140518168464\" lay-url=\"/System/AuthList\">权限列表</a></dd><dd><a href = \"javascript:;\" lay-id=\"20180725095722592140\" lay-url=\"/Image/Index\">上传控件</a></dd></dl></li><li class=\"layui-nav-item\"><a class=\"\" href=\"javascript:; \"><i class=\"layui-icon layui-icon-chuangkou\"></i>&nbsp;&nbsp;表单模板</a><dl class=\"layui-nav-child\"><dd><a href = \"javascript:;\" lay-id=\"20180731141217864152\" lay-url=\"/Template/TableTemplateList\">模板列表</a></dd></dl></li>"},"TempData":{},"ViewEngine":null,"ContentType":null}
2018-08-02 10:20:00,329 [6] INFO  Microsoft.AspNetCore.Mvc.ViewFeatures.Internal.ViewResultExecutor - Executing ViewResult, running view at path /Views/Home/Index.cshtml.
2018-08-02 10:20:00,339 [6] INFO  Microsoft.AspNetCore.Mvc.Internal.ControllerActionInvoker - Executed action Fxt.Framework.Demo.Mvc.Controllers.HomeController.Index (Fxt.Framework.Demo.Mvc) in 61.8344ms
2018-08-02 10:20:00,348 [6] INFO  Microsoft.AspNetCore.Hosting.Internal.WebHost - Request finished in 129.7868ms 200 text/html; charset=utf-8
2018-08-02 10:20:00,393 [12] INFO  Microsoft.AspNetCore.Hosting.Internal.WebHost - Request starting HTTP/1.1 GET http://localhost:23048/Home/Welcome  
2018-08-02 10:20:00,410 [12] INFO  Microsoft.AspNetCore.Authentication.Cookies.CookieAuthenticationHandler - AuthenticationScheme: Cookies was successfully authenticated.
2018-08-02 10:20:00,418 [12] INFO  Microsoft.AspNetCore.Authorization.DefaultAuthorizationService - Authorization was successful for user: admin.
2018-08-02 10:20:00,423 [12] INFO  Fxt.Framework.Demo.Application.Filter.GlobalActionFilterAttribute - Request Start->RequestPath:Home/Welcome,ActionArguments:{}
2018-08-02 10:20:00,428 [12] INFO  Microsoft.AspNetCore.Mvc.Internal.ControllerActionInvoker - Executing action method Fxt.Framework.Demo.Mvc.Controllers.HomeController.Welcome (Fxt.Framework.Demo.Mvc) with arguments ((null)) - ModelState is Valid
2018-08-02 10:20:00,451 [12] INFO  Fxt.Framework.Demo.Application.Filter.GlobalActionFilterAttribute - Request End->RequestPath:Home/Welcome,Response:{"StatusCode":null,"ViewName":null,"Model":null,"ViewData":{},"TempData":{},"ViewEngine":null,"ContentType":null}
2018-08-02 10:20:00,473 [12] INFO  Microsoft.AspNetCore.Mvc.ViewFeatures.Internal.ViewResultExecutor - Executing ViewResult, running view at path /Views/Home/Welcome.cshtml.
2018-08-02 10:20:00,480 [12] INFO  Microsoft.AspNetCore.Mvc.Internal.ControllerActionInvoker - Executed action Fxt.Framework.Demo.Mvc.Controllers.HomeController.Welcome (Fxt.Framework.Demo.Mvc) in 63.2343ms
2018-08-02 10:20:00,494 [12] INFO  Microsoft.AspNetCore.Hosting.Internal.WebHost - Request finished in 100.7557ms 200 text/html; charset=utf-8
2018-08-02 10:20:01,231 [6] INFO  Microsoft.AspNetCore.Hosting.Internal.WebHost - Request starting HTTP/1.1 GET http://localhost:23048/System/RoleList  
2018-08-02 10:20:01,252 [6] INFO  Microsoft.AspNetCore.Authentication.Cookies.CookieAuthenticationHandler - AuthenticationScheme: Cookies was successfully authenticated.
2018-08-02 10:20:01,276 [6] INFO  Microsoft.AspNetCore.Authorization.DefaultAuthorizationService - Authorization was successful for user: admin.
2018-08-02 10:20:01,280 [6] INFO  Fxt.Framework.Demo.Application.Filter.GlobalActionFilterAttribute - Request Start->RequestPath:System/RoleList,ActionArguments:{"request":{"RoleName":null,"PageSize":8,"PageIndex":1,"OrderBy":null}}
2018-08-02 10:20:01,303 [6] INFO  Microsoft.AspNetCore.Mvc.Internal.ControllerActionInvoker - Executing action method Fxt.Framework.Demo.Mvc.Controllers.SystemController.RoleList (Fxt.Framework.Demo.Mvc) with arguments (Fxt.Framework.Demo.DataContract.Request.GetRoleListRequest) - ModelState is Valid
2018-08-02 10:20:01,345 [6] INFO  Fxt.Framework.Demo.Application.Filter.GlobalActionFilterAttribute - Request End->RequestPath:System/RoleList,Response:{"StatusCode":null,"ViewName":null,"Model":[{"CreateUser":"超级管理员","ID":"20180720153833028237","RoleName":"test002","Description":null,"CreateBy":"20180615174009124552","CreateTime":"2018-07-20T15:38:33"},{"CreateUser":"超级管理员","ID":"20180720151434255807","RoleName":"test001","Description":"test001","CreateBy":"20180615174009124552","CreateTime":"2018-07-20T15:14:34"}],"ViewData":{},"TempData":{},"ViewEngine":null,"ContentType":null}
2018-08-02 10:20:01,368 [6] INFO  Microsoft.AspNetCore.Mvc.ViewFeatures.Internal.ViewResultExecutor - Executing ViewResult, running view at path /Views/System/RoleList.cshtml.
2018-08-02 10:20:01,373 [6] INFO  Microsoft.AspNetCore.Mvc.Internal.ControllerActionInvoker - Executed action Fxt.Framework.Demo.Mvc.Controllers.SystemController.RoleList (Fxt.Framework.Demo.Mvc) in 116.5015ms
2018-08-02 10:20:01,389 [6] INFO  Microsoft.AspNetCore.Hosting.Internal.WebHost - Request finished in 149.5522ms 200 text/html; charset=utf-8
2018-08-02 10:20:14,862 [20] INFO  Microsoft.AspNetCore.Hosting.Internal.WebHost - Request starting HTTP/1.1 GET http://localhost:23048/Login  
2018-08-02 10:20:14,898 [20] INFO  Microsoft.AspNetCore.Authentication.Cookies.CookieAuthenticationHandler - AuthenticationScheme: Cookies was successfully authenticated.
2018-08-02 10:20:14,922 [20] INFO  Fxt.Framework.Demo.Application.Filter.GlobalActionFilterAttribute - Request Start->RequestPath:Login/Index,ActionArguments:{}
2018-08-02 10:20:14,928 [20] INFO  Microsoft.AspNetCore.Mvc.Internal.ControllerActionInvoker - Executing action method Fxt.Framework.Demo.Mvc.Controllers.LoginController.Index (Fxt.Framework.Demo.Mvc) with arguments () - ModelState is Valid
2018-08-02 10:20:14,952 [20] INFO  Microsoft.AspNetCore.Authentication.Cookies.CookieAuthenticationHandler - AuthenticationScheme: Cookies signed out.
2018-08-02 10:20:14,975 [20] INFO  Fxt.Framework.Demo.Application.Filter.GlobalActionFilterAttribute - Request End->RequestPath:Login/Index,Response:{"StatusCode":null,"ViewName":null,"Model":null,"ViewData":{},"TempData":{},"ViewEngine":null,"ContentType":null}
2018-08-02 10:20:15,000 [20] INFO  Microsoft.AspNetCore.Mvc.ViewFeatures.Internal.ViewResultExecutor - Executing ViewResult, running view at path /Views/Login/Index.cshtml.
2018-08-02 10:20:15,005 [20] INFO  Microsoft.AspNetCore.Mvc.Internal.ControllerActionInvoker - Executed action Fxt.Framework.Demo.Mvc.Controllers.LoginController.Index (Fxt.Framework.Demo.Mvc) in 101.7094ms
2018-08-02 10:20:15,012 [20] INFO  Microsoft.AspNetCore.Hosting.Internal.WebHost - Request finished in 146.8618ms 200 text/html; charset=utf-8
2018-08-02 10:20:16,412 [6] INFO  Microsoft.AspNetCore.Hosting.Internal.WebHost - Request starting HTTP/1.1 GET http://localhost:23048/System/RoleList  
2018-08-02 10:20:16,451 [6] INFO  Microsoft.AspNetCore.Authorization.DefaultAuthorizationService - Authorization failed for user: (null).
2018-08-02 10:20:16,482 [6] INFO  Microsoft.AspNetCore.Mvc.Internal.ControllerActionInvoker - Authorization failed for the request at filter 'Microsoft.AspNetCore.Mvc.Authorization.AuthorizeFilter'.
2018-08-02 10:20:16,505 [6] INFO  Microsoft.AspNetCore.Mvc.ChallengeResult - Executing ChallengeResult with authentication schemes ().
2018-08-02 10:20:16,509 [6] INFO  Microsoft.AspNetCore.Authentication.Cookies.CookieAuthenticationHandler - AuthenticationScheme: Cookies was challenged.
2018-08-02 10:20:16,532 [6] INFO  Microsoft.AspNetCore.Mvc.Internal.ControllerActionInvoker - Executed action Fxt.Framework.Demo.Mvc.Controllers.SystemController.RoleList (Fxt.Framework.Demo.Mvc) in 83.9799ms
2018-08-02 10:20:16,556 [6] INFO  Microsoft.AspNetCore.Hosting.Internal.WebHost - Request finished in 143.7937ms 302 
2018-08-02 10:20:16,578 [7] INFO  Microsoft.AspNetCore.Hosting.Internal.WebHost - Request starting HTTP/1.1 GET http://localhost:23048/Login?ReturnUrl=%2FSystem%2FRoleList  
2018-08-02 10:20:16,634 [7] INFO  Fxt.Framework.Demo.Application.Filter.GlobalActionFilterAttribute - Request Start->RequestPath:Login/Index,ActionArguments:{}
2018-08-02 10:20:16,657 [7] INFO  Microsoft.AspNetCore.Mvc.Internal.ControllerActionInvoker - Executing action method Fxt.Framework.Demo.Mvc.Controllers.LoginController.Index (Fxt.Framework.Demo.Mvc) with arguments () - ModelState is Valid
2018-08-02 10:20:16,680 [7] INFO  Microsoft.AspNetCore.Authentication.Cookies.CookieAuthenticationHandler - AuthenticationScheme: Cookies signed out.
2018-08-02 10:20:16,704 [7] INFO  Fxt.Framework.Demo.Application.Filter.GlobalActionFilterAttribute - Request End->RequestPath:Login/Index,Response:{"StatusCode":null,"ViewName":null,"Model":null,"ViewData":{},"TempData":{},"ViewEngine":null,"ContentType":null}
2018-08-02 10:20:16,728 [7] INFO  Microsoft.AspNetCore.Mvc.ViewFeatures.Internal.ViewResultExecutor - Executing ViewResult, running view at path /Views/Login/Index.cshtml.
2018-08-02 10:20:16,734 [7] INFO  Microsoft.AspNetCore.Mvc.Internal.ControllerActionInvoker - Executed action Fxt.Framework.Demo.Mvc.Controllers.LoginController.Index (Fxt.Framework.Demo.Mvc) in 117.5829ms
2018-08-02 10:20:16,740 [7] INFO  Microsoft.AspNetCore.Hosting.Internal.WebHost - Request finished in 181.1607ms 200 text/html; charset=utf-8
2018-08-02 10:20:18,624 [7] INFO  Microsoft.AspNetCore.Hosting.Internal.WebHost - Request starting HTTP/1.1 POST http://localhost:23048/Login/Index application/x-www-form-urlencoded; charset=UTF-8 254
2018-08-02 10:20:18,662 [7] INFO  Fxt.Framework.Demo.Application.Filter.GlobalActionFilterAttribute - Request Start->RequestPath:Login/Index,ActionArguments:{"request":{"UserName":"admin","Password":"123"}}
2018-08-02 10:20:18,666 [7] INFO  Microsoft.AspNetCore.Mvc.Internal.ControllerActionInvoker - Executing action method Fxt.Framework.Demo.Mvc.Controllers.LoginController.Index (Fxt.Framework.Demo.Mvc) with arguments (Fxt.Framework.Demo.DataContract.Request.UserLoginRequest) - ModelState is Valid
2018-08-02 10:20:18,709 [7] INFO  Microsoft.AspNetCore.Authentication.Cookies.CookieAuthenticationHandler - AuthenticationScheme: Cookies signed in.
2018-08-02 10:20:18,734 [7] INFO  Fxt.Framework.Demo.Application.Filter.GlobalActionFilterAttribute - Request End->RequestPath:Login/Index,Response:{"ContentType":null,"SerializerSettings":null,"StatusCode":null,"Value":{"IsOk":true,"Msg":"登录成功！","Data":null}}
2018-08-02 10:20:18,743 [7] INFO  Microsoft.AspNetCore.Mvc.Formatters.Json.Internal.JsonResultExecutor - Executing JsonResult, writing value Fxt.Framework.Demo.Application.Models.AjaxResult.
2018-08-02 10:20:18,747 [7] INFO  Microsoft.AspNetCore.Mvc.Internal.ControllerActionInvoker - Executed action Fxt.Framework.Demo.Mvc.Controllers.LoginController.Index (Fxt.Framework.Demo.Mvc) in 105.0729ms
2018-08-02 10:20:18,771 [7] INFO  Microsoft.AspNetCore.Hosting.Internal.WebHost - Request finished in 148.5505ms 200 application/json; charset=utf-8
2018-08-02 10:20:18,774 [6] INFO  Microsoft.AspNetCore.Hosting.Internal.WebHost - Request starting HTTP/1.1 GET http://localhost:23048/Home  
2018-08-02 10:20:18,858 [6] INFO  Microsoft.AspNetCore.Authentication.Cookies.CookieAuthenticationHandler - AuthenticationScheme: Cookies was successfully authenticated.
2018-08-02 10:20:18,884 [6] INFO  Microsoft.AspNetCore.Authorization.DefaultAuthorizationService - Authorization was successful for user: admin.
2018-08-02 10:20:18,891 [6] INFO  Fxt.Framework.Demo.Application.Filter.GlobalActionFilterAttribute - Request Start->RequestPath:Home/Index,ActionArguments:{}
2018-08-02 10:20:18,895 [6] INFO  Microsoft.AspNetCore.Mvc.Internal.ControllerActionInvoker - Executing action method Fxt.Framework.Demo.Mvc.Controllers.HomeController.Index (Fxt.Framework.Demo.Mvc) with arguments ((null)) - ModelState is Valid
2018-08-02 10:20:18,920 [6] INFO  Fxt.Framework.Demo.Application.Filter.GlobalActionFilterAttribute - Request End->RequestPath:Home/Index,Response:{"StatusCode":null,"ViewName":null,"Model":null,"ViewData":{"RealName":"超级管理员","UserID":"20180615174009124552","MenuList":"<li class=\"layui-nav-item layui-nav-itemed\"><a class=\"\" href=\"javascript:; \"><i class=\"layui-icon layui-icon-chuangkou\"></i>&nbsp;&nbsp;系统管理</a><dl class=\"layui-nav-child\"><dd><a href = \"javascript:;\" lay-id=\"20180619153350134152\" lay-url=\"/System/UserList\">用户列表</a></dd><dd><a href = \"javascript:;\" lay-id=\"20180619153458426296\" lay-url=\"/System/RoleList\">角色列表</a></dd><dd><a href = \"javascript:;\" lay-id=\"20180626140518168464\" lay-url=\"/System/AuthList\">权限列表</a></dd><dd><a href = \"javascript:;\" lay-id=\"20180725095722592140\" lay-url=\"/Image/Index\">上传控件</a></dd></dl></li><li class=\"layui-nav-item\"><a class=\"\" href=\"javascript:; \"><i class=\"layui-icon layui-icon-chuangkou\"></i>&nbsp;&nbsp;表单模板</a><dl class=\"layui-nav-child\"><dd><a href = \"javascript:;\" lay-id=\"20180731141217864152\" lay-url=\"/Template/TableTemplateList\">模板列表</a></dd></dl></li>"},"TempData":{},"ViewEngine":null,"ContentType":null}
2018-08-02 10:20:18,925 [6] INFO  Microsoft.AspNetCore.Mvc.ViewFeatures.Internal.ViewResultExecutor - Executing ViewResult, running view at path /Views/Home/Index.cshtml.
2018-08-02 10:20:18,931 [6] INFO  Microsoft.AspNetCore.Mvc.Internal.ControllerActionInvoker - Executed action Fxt.Framework.Demo.Mvc.Controllers.HomeController.Index (Fxt.Framework.Demo.Mvc) in 66.7492ms
2018-08-02 10:20:18,941 [6] INFO  Microsoft.AspNetCore.Hosting.Internal.WebHost - Request finished in 165.2268ms 200 text/html; charset=utf-8
2018-08-02 10:20:18,992 [11] INFO  Microsoft.AspNetCore.Hosting.Internal.WebHost - Request starting HTTP/1.1 GET http://localhost:23048/Home/Welcome  
2018-08-02 10:20:19,045 [11] INFO  Microsoft.AspNetCore.Authentication.Cookies.CookieAuthenticationHandler - AuthenticationScheme: Cookies was successfully authenticated.
2018-08-02 10:20:19,052 [11] INFO  Microsoft.AspNetCore.Authorization.DefaultAuthorizationService - Authorization was successful for user: admin.
2018-08-02 10:20:19,059 [11] INFO  Fxt.Framework.Demo.Application.Filter.GlobalActionFilterAttribute - Request Start->RequestPath:Home/Welcome,ActionArguments:{}
2018-08-02 10:20:19,064 [11] INFO  Microsoft.AspNetCore.Mvc.Internal.ControllerActionInvoker - Executing action method Fxt.Framework.Demo.Mvc.Controllers.HomeController.Welcome (Fxt.Framework.Demo.Mvc) with arguments ((null)) - ModelState is Valid
2018-08-02 10:20:19,067 [11] INFO  Fxt.Framework.Demo.Application.Filter.GlobalActionFilterAttribute - Request End->RequestPath:Home/Welcome,Response:{"StatusCode":null,"ViewName":null,"Model":null,"ViewData":{},"TempData":{},"ViewEngine":null,"ContentType":null}
2018-08-02 10:20:19,072 [11] INFO  Microsoft.AspNetCore.Mvc.ViewFeatures.Internal.ViewResultExecutor - Executing ViewResult, running view at path /Views/Home/Welcome.cshtml.
2018-08-02 10:20:19,082 [11] INFO  Microsoft.AspNetCore.Mvc.Internal.ControllerActionInvoker - Executed action Fxt.Framework.Demo.Mvc.Controllers.HomeController.Welcome (Fxt.Framework.Demo.Mvc) in 28.0746ms
2018-08-02 10:20:19,101 [11] INFO  Microsoft.AspNetCore.Hosting.Internal.WebHost - Request finished in 126.7806ms 200 text/html; charset=utf-8
2018-08-02 10:58:40,427 [1] INFO  Microsoft.AspNetCore.DataProtection.KeyManagement.XmlKeyManager - User profile is available. Using 'C:\Users\PC\AppData\Local\ASP.NET\DataProtection-Keys' as key repository and Windows DPAPI to encrypt keys at rest.
2018-08-02 10:58:40,939 [6] INFO  Microsoft.AspNetCore.Hosting.Internal.WebHost - Request starting HTTP/1.1 DEBUG http://localhost:23048/  0
2018-08-02 10:58:40,941 [7] INFO  Microsoft.AspNetCore.Hosting.Internal.WebHost - Request starting HTTP/1.1 GET http://localhost:23048/  
2018-08-02 10:58:41,039 [6] INFO  Microsoft.AspNetCore.Hosting.Internal.WebHost - Request finished in 119.6111ms 200 
2018-08-02 10:58:41,144 [7] INFO  Microsoft.AspNetCore.Authentication.Cookies.CookieAuthenticationHandler - AuthenticationScheme: Cookies was successfully authenticated.
2018-08-02 10:58:41,302 [7] INFO  Microsoft.AspNetCore.Authorization.DefaultAuthorizationService - Authorization was successful for user: admin.
2018-08-02 10:58:41,429 [7] INFO  Fxt.Framework.Demo.Application.Filter.GlobalActionFilterAttribute - Request Start->RequestPath:Home/Index,ActionArguments:{}
2018-08-02 10:58:41,456 [7] INFO  Microsoft.AspNetCore.Mvc.Internal.ControllerActionInvoker - Executing action method Fxt.Framework.Demo.Mvc.Controllers.HomeController.Index (Fxt.Framework.Demo.Mvc) with arguments ((null)) - ModelState is Valid
2018-08-02 10:58:41,644 [7] INFO  Fxt.Framework.Demo.Application.Filter.GlobalActionFilterAttribute - Request End->RequestPath:Home/Index,Response:{"StatusCode":null,"ViewName":null,"Model":null,"ViewData":{"RealName":"超级管理员","UserID":"20180615174009124552","MenuList":"<li class=\"layui-nav-item layui-nav-itemed\"><a class=\"\" href=\"javascript:; \"><i class=\"layui-icon layui-icon-chuangkou\"></i>&nbsp;&nbsp;系统管理</a><dl class=\"layui-nav-child\"><dd><a href = \"javascript:;\" lay-id=\"20180619153350134152\" lay-url=\"/System/UserList\">用户列表</a></dd><dd><a href = \"javascript:;\" lay-id=\"20180619153458426296\" lay-url=\"/System/RoleList\">角色列表</a></dd><dd><a href = \"javascript:;\" lay-id=\"20180626140518168464\" lay-url=\"/System/AuthList\">权限列表</a></dd><dd><a href = \"javascript:;\" lay-id=\"20180725095722592140\" lay-url=\"/Image/Index\">上传控件</a></dd></dl></li><li class=\"layui-nav-item\"><a class=\"\" href=\"javascript:; \"><i class=\"layui-icon layui-icon-chuangkou\"></i>&nbsp;&nbsp;表单模板</a><dl class=\"layui-nav-child\"><dd><a href = \"javascript:;\" lay-id=\"20180731141217864152\" lay-url=\"/Template/TableTemplateList\">模板列表</a></dd></dl></li>"},"TempData":{},"ViewEngine":null,"ContentType":null}
2018-08-02 10:58:44,244 [7] INFO  Microsoft.AspNetCore.Mvc.ViewFeatures.Internal.ViewResultExecutor - Executing ViewResult, running view at path /Views/Home/Index.cshtml.
2018-08-02 10:58:44,547 [7] INFO  Microsoft.AspNetCore.Mvc.Internal.ControllerActionInvoker - Executed action Fxt.Framework.Demo.Mvc.Controllers.HomeController.Index (Fxt.Framework.Demo.Mvc) in 3247.1032ms
2018-08-02 10:58:44,574 [7] INFO  Microsoft.AspNetCore.Hosting.Internal.WebHost - Request finished in 3658.9405ms 200 text/html; charset=utf-8
2018-08-02 10:58:44,624 [11] INFO  Microsoft.AspNetCore.Hosting.Internal.WebHost - Request starting HTTP/1.1 GET http://localhost:23048/Home/Welcome  
2018-08-02 10:58:44,652 [11] INFO  Microsoft.AspNetCore.Authentication.Cookies.CookieAuthenticationHandler - AuthenticationScheme: Cookies was successfully authenticated.
2018-08-02 10:58:44,688 [11] INFO  Microsoft.AspNetCore.Authorization.DefaultAuthorizationService - Authorization was successful for user: admin.
2018-08-02 10:58:44,691 [11] INFO  Fxt.Framework.Demo.Application.Filter.GlobalActionFilterAttribute - Request Start->RequestPath:Home/Welcome,ActionArguments:{}
2018-08-02 10:58:44,715 [11] INFO  Microsoft.AspNetCore.Mvc.Internal.ControllerActionInvoker - Executing action method Fxt.Framework.Demo.Mvc.Controllers.HomeController.Welcome (Fxt.Framework.Demo.Mvc) with arguments ((null)) - ModelState is Valid
2018-08-02 10:58:44,738 [11] INFO  Fxt.Framework.Demo.Application.Filter.GlobalActionFilterAttribute - Request End->RequestPath:Home/Welcome,Response:{"StatusCode":null,"ViewName":null,"Model":null,"ViewData":{},"TempData":{},"ViewEngine":null,"ContentType":null}
2018-08-02 10:58:44,863 [11] INFO  Microsoft.AspNetCore.Mvc.ViewFeatures.Internal.ViewResultExecutor - Executing ViewResult, running view at path /Views/Home/Welcome.cshtml.
2018-08-02 10:58:44,900 [11] INFO  Microsoft.AspNetCore.Mvc.Internal.ControllerActionInvoker - Executed action Fxt.Framework.Demo.Mvc.Controllers.HomeController.Welcome (Fxt.Framework.Demo.Mvc) in 222.7342ms
2018-08-02 10:58:44,907 [11] INFO  Microsoft.AspNetCore.Hosting.Internal.WebHost - Request finished in 282.53ms 200 text/html; charset=utf-8
2018-08-02 10:59:08,317 [1] INFO  Microsoft.AspNetCore.DataProtection.KeyManagement.XmlKeyManager - User profile is available. Using 'C:\Users\PC\AppData\Local\ASP.NET\DataProtection-Keys' as key repository and Windows DPAPI to encrypt keys at rest.
2018-08-02 10:59:08,653 [7] INFO  Microsoft.AspNetCore.Hosting.Internal.WebHost - Request starting HTTP/1.1 GET http://localhost:23048/System/AuthList  
2018-08-02 10:59:08,767 [7] INFO  Microsoft.AspNetCore.Authentication.Cookies.CookieAuthenticationHandler - AuthenticationScheme: Cookies was successfully authenticated.
2018-08-02 10:59:08,850 [7] INFO  Microsoft.AspNetCore.Authorization.DefaultAuthorizationService - Authorization was successful for user: admin.
2018-08-02 10:59:09,053 [7] INFO  Fxt.Framework.Demo.Application.Filter.GlobalActionFilterAttribute - Request Start->RequestPath:System/AuthList,ActionArguments:{}
2018-08-02 10:59:09,057 [7] INFO  Microsoft.AspNetCore.Mvc.Internal.ControllerActionInvoker - Executing action method Fxt.Framework.Demo.Mvc.Controllers.SystemController.AuthList (Fxt.Framework.Demo.Mvc) with arguments ((null)) - ModelState is Valid
2018-08-02 10:59:09,383 [7] INFO  Fxt.Framework.Demo.Application.Filter.GlobalActionFilterAttribute - Request End->RequestPath:System/AuthList,Response:{"StatusCode":null,"ViewName":null,"Model":[{"ID":"20180619153350124756","AuthType":1,"AuthName":"系统管理","AuthCode":"SystemManager","ParentID":"0","Url":"","Sort":1,"IconClass":"layui-icon-chuangkou"},{"ID":"20180619153350134152","AuthType":2,"AuthName":"|----用户列表","AuthCode":"System.UserList","ParentID":"20180619153350124756","Url":"/System/UserList","Sort":1,"IconClass":null},{"ID":"20180626140143915604","AuthType":3,"AuthName":"&nbsp;&nbsp;&nbsp;&nbsp;&nbsp;&nbsp;&nbsp;|----添加/编辑用户","AuthCode":"System.UserAdd","ParentID":"20180619153350134152","Url":"/System/UserAdd","Sort":0,"IconClass":null},{"ID":"20180626140518181746","AuthType":3,"AuthName":"&nbsp;&nbsp;&nbsp;&nbsp;&nbsp;&nbsp;&nbsp;|----删除用户","AuthCode":"System.UserDelete","ParentID":"20180619153350134152","Url":"/System/UserDelete","Sort":0,"IconClass":""},{"ID":"20180724094025653701","AuthType":3,"AuthName":"&nbsp;&nbsp;&nbsp;&nbsp;&nbsp;&nbsp;&nbsp;|----修改密码","AuthCode":"System.UserPwd","ParentID":"20180619153350134152","Url":"/System/UserPwd","Sort":3,"IconClass":null},{"ID":"20180619153458426296","AuthType":2,"AuthName":"|----角色列表","AuthCode":"System.RoleList","ParentID":"20180619153350124756","Url":"/System/RoleList","Sort":2,"IconClass":null},{"ID":"20180626140518184225","AuthType":3,"AuthName":"&nbsp;&nbsp;&nbsp;&nbsp;&nbsp;&nbsp;&nbsp;|----添加/编辑角色","AuthCode":"System.RoleAdd","ParentID":"20180619153458426296","Url":"/System/RoleAdd","Sort":0,"IconClass":""},{"ID":"20180626140518876456","AuthType":3,"AuthName":"&nbsp;&nbsp;&nbsp;&nbsp;&nbsp;&nbsp;&nbsp;|----删除角色","AuthCode":"System.RoleDelete","ParentID":"20180619153458426296","Url":"/System/RoleDelete","Sort":0,"IconClass":""},{"ID":"20180626140518168464","AuthType":2,"AuthName":"|----权限列表","AuthCode":"System.AuthList","ParentID":"20180619153350124756","Url":"/System/AuthList","Sort":3,"IconClass":""},{"ID":"20180626140518154136","AuthType":3,"AuthName":"&nbsp;&nbsp;&nbsp;&nbsp;&nbsp;&nbsp;&nbsp;|----删除权限","AuthCode":"System.AuthDelete","ParentID":"20180626140518168464","Url":"/System/AuthDelete","Sort":0,"IconClass":""},{"ID":"20180626140518171481","AuthType":3,"AuthName":"&nbsp;&nbsp;&nbsp;&nbsp;&nbsp;&nbsp;&nbsp;|----添加/编辑权限","AuthCode":"System.AuthAdd","ParentID":"20180626140518168464","Url":"/System/AuthAdd","Sort":0,"IconClass":""},{"ID":"20180725095722592140","AuthType":2,"AuthName":"|----上传控件","AuthCode":"Image.Index","ParentID":"20180619153350124756","Url":"/Image/Index","Sort":4,"IconClass":null},{"ID":"20180731141113262551","AuthType":1,"AuthName":"表单模板","AuthCode":"TableTemplateManage","ParentID":"0","Url":null,"Sort":2,"IconClass":"layui-icon-chuangkou"},{"ID":"20180731141217864152","AuthType":2,"AuthName":"|----模板列表","AuthCode":"TableTemplateList","ParentID":"20180731141113262551","Url":"/Template/TableTemplateList","Sort":0,"IconClass":null}],"ViewData":{},"TempData":{},"ViewEngine":null,"ContentType":null}
2018-08-02 10:59:11,540 [7] INFO  Microsoft.AspNetCore.Mvc.ViewFeatures.Internal.ViewResultExecutor - Executing ViewResult, running view at path /Views/System/AuthList.cshtml.
2018-08-02 10:59:12,041 [7] INFO  Microsoft.AspNetCore.Mvc.Internal.ControllerActionInvoker - Executed action Fxt.Framework.Demo.Mvc.Controllers.SystemController.AuthList (Fxt.Framework.Demo.Mvc) in 3192.0593ms
2018-08-02 10:59:12,059 [7] INFO  Microsoft.AspNetCore.Hosting.Internal.WebHost - Request finished in 3411.8241ms 200 text/html; charset=utf-8
2018-08-02 10:59:40,247 [1] INFO  Microsoft.AspNetCore.DataProtection.KeyManagement.XmlKeyManager - User profile is available. Using 'C:\Users\PC\AppData\Local\ASP.NET\DataProtection-Keys' as key repository and Windows DPAPI to encrypt keys at rest.
2018-08-02 10:59:40,859 [7] INFO  Microsoft.AspNetCore.Hosting.Internal.WebHost - Request starting HTTP/1.1 GET http://localhost:23048/  
2018-08-02 10:59:40,861 [6] INFO  Microsoft.AspNetCore.Hosting.Internal.WebHost - Request starting HTTP/1.1 DEBUG http://localhost:23048/  0
2018-08-02 10:59:40,968 [6] INFO  Microsoft.AspNetCore.Hosting.Internal.WebHost - Request finished in 133.8762ms 200 
2018-08-02 10:59:41,092 [7] INFO  Microsoft.AspNetCore.Authentication.Cookies.CookieAuthenticationHandler - AuthenticationScheme: Cookies was successfully authenticated.
2018-08-02 10:59:55,122 [7] INFO  Microsoft.AspNetCore.Authorization.DefaultAuthorizationService - Authorization was successful for user: admin.
2018-08-02 10:59:55,254 [7] INFO  Fxt.Framework.Demo.Application.Filter.GlobalActionFilterAttribute - Request Start->RequestPath:Home/Index,ActionArguments:{}
2018-08-02 10:59:55,282 [7] INFO  Microsoft.AspNetCore.Mvc.Internal.ControllerActionInvoker - Executing action method Fxt.Framework.Demo.Mvc.Controllers.HomeController.Index (Fxt.Framework.Demo.Mvc) with arguments ((null)) - ModelState is Valid
2018-08-02 10:59:55,479 [7] INFO  Fxt.Framework.Demo.Application.Filter.GlobalActionFilterAttribute - Request End->RequestPath:Home/Index,Response:{"StatusCode":null,"ViewName":null,"Model":null,"ViewData":{"RealName":"超级管理员","UserID":"20180615174009124552","MenuList":"<li class=\"layui-nav-item layui-nav-itemed\"><a class=\"\" href=\"javascript:; \"><i class=\"layui-icon layui-icon-chuangkou\"></i>&nbsp;&nbsp;系统管理</a><dl class=\"layui-nav-child\"><dd><a href = \"javascript:;\" lay-id=\"20180619153350134152\" lay-url=\"/System/UserList\">用户列表</a></dd><dd><a href = \"javascript:;\" lay-id=\"20180619153458426296\" lay-url=\"/System/RoleList\">角色列表</a></dd><dd><a href = \"javascript:;\" lay-id=\"20180626140518168464\" lay-url=\"/System/AuthList\">权限列表</a></dd><dd><a href = \"javascript:;\" lay-id=\"20180725095722592140\" lay-url=\"/Image/Index\">上传控件</a></dd></dl></li><li class=\"layui-nav-item\"><a class=\"\" href=\"javascript:; \"><i class=\"layui-icon layui-icon-chuangkou\"></i>&nbsp;&nbsp;表单模板</a><dl class=\"layui-nav-child\"><dd><a href = \"javascript:;\" lay-id=\"20180731141217864152\" lay-url=\"/Template/TableTemplateList\">模板列表</a></dd></dl></li>"},"TempData":{},"ViewEngine":null,"ContentType":null}
2018-08-02 10:59:58,160 [7] INFO  Microsoft.AspNetCore.Mvc.ViewFeatures.Internal.ViewResultExecutor - Executing ViewResult, running view at path /Views/Home/Index.cshtml.
2018-08-02 10:59:58,461 [7] INFO  Microsoft.AspNetCore.Mvc.Internal.ControllerActionInvoker - Executed action Fxt.Framework.Demo.Mvc.Controllers.HomeController.Index (Fxt.Framework.Demo.Mvc) in 3361.1454ms
2018-08-02 10:59:58,490 [7] INFO  Microsoft.AspNetCore.Hosting.Internal.WebHost - Request finished in 17656.4446ms 200 text/html; charset=utf-8
2018-08-02 10:59:58,525 [11] INFO  Microsoft.AspNetCore.Hosting.Internal.WebHost - Request starting HTTP/1.1 GET http://localhost:23048/Home/Welcome  
2018-08-02 10:59:58,545 [11] INFO  Microsoft.AspNetCore.Authentication.Cookies.CookieAuthenticationHandler - AuthenticationScheme: Cookies was successfully authenticated.
2018-08-02 11:01:04,571 [11] INFO  Microsoft.AspNetCore.Authorization.DefaultAuthorizationService - Authorization was successful for user: admin.
2018-08-02 11:01:04,595 [11] INFO  Fxt.Framework.Demo.Application.Filter.GlobalActionFilterAttribute - Request Start->RequestPath:Home/Welcome,ActionArguments:{}
2018-08-02 11:01:04,600 [11] INFO  Microsoft.AspNetCore.Mvc.Internal.ControllerActionInvoker - Executing action method Fxt.Framework.Demo.Mvc.Controllers.HomeController.Welcome (Fxt.Framework.Demo.Mvc) with arguments ((null)) - ModelState is Valid
2018-08-02 11:01:04,624 [11] INFO  Fxt.Framework.Demo.Application.Filter.GlobalActionFilterAttribute - Request End->RequestPath:Home/Welcome,Response:{"StatusCode":null,"ViewName":null,"Model":null,"ViewData":{},"TempData":{},"ViewEngine":null,"ContentType":null}
2018-08-02 11:01:04,778 [11] INFO  Microsoft.AspNetCore.Mvc.ViewFeatures.Internal.ViewResultExecutor - Executing ViewResult, running view at path /Views/Home/Welcome.cshtml.
2018-08-02 11:01:04,803 [11] INFO  Microsoft.AspNetCore.Mvc.Internal.ControllerActionInvoker - Executed action Fxt.Framework.Demo.Mvc.Controllers.HomeController.Welcome (Fxt.Framework.Demo.Mvc) in 230.7153ms
2018-08-02 11:01:04,836 [11] INFO  Microsoft.AspNetCore.Hosting.Internal.WebHost - Request finished in 66306.7512ms 200 text/html; charset=utf-8
2018-08-02 17:19:51,191 [1] INFO  Microsoft.AspNetCore.DataProtection.KeyManagement.XmlKeyManager - User profile is available. Using 'C:\Users\PC\AppData\Local\ASP.NET\DataProtection-Keys' as key repository and Windows DPAPI to encrypt keys at rest.
2018-08-02 17:19:51,737 [6] INFO  Microsoft.AspNetCore.Hosting.Internal.WebHost - Request starting HTTP/1.1 GET http://localhost:23048/  
2018-08-02 17:19:51,738 [7] INFO  Microsoft.AspNetCore.Hosting.Internal.WebHost - Request starting HTTP/1.1 DEBUG http://localhost:23048/  0
2018-08-02 17:19:51,859 [7] INFO  Microsoft.AspNetCore.Hosting.Internal.WebHost - Request finished in 133.7764ms 200 
2018-08-02 17:19:51,999 [6] INFO  Microsoft.AspNetCore.Authentication.Cookies.CookieAuthenticationHandler - Cookies was not authenticated. Failure message: Unprotect ticket failed
2018-08-02 17:20:00,302 [1] INFO  Microsoft.AspNetCore.DataProtection.KeyManagement.XmlKeyManager - User profile is available. Using 'C:\Users\PC\AppData\Local\ASP.NET\DataProtection-Keys' as key repository and Windows DPAPI to encrypt keys at rest.
2018-08-02 17:20:00,775 [12] INFO  Microsoft.AspNetCore.Hosting.Internal.WebHost - Request starting HTTP/1.1 GET http://localhost:23048/favicon.ico  
2018-08-02 17:20:00,825 [12] INFO  Microsoft.AspNetCore.StaticFiles.StaticFileMiddleware - Sending file. Request path: '/favicon.ico'. Physical path: 'E:\test-demo\Fxt-Framework\samples\Fxt.Framework.MvcDemo\wwwroot\favicon.ico'
2018-08-02 17:20:00,849 [6] INFO  Microsoft.AspNetCore.Hosting.Internal.WebHost - Request finished in 79.1024ms 200 image/x-icon
